/*C445*/SET SCHEMA PUBLIC
DROP SCHEMA PUBLIC CASCADE
DISCONNECT
/*C446*/SET SCHEMA PUBLIC
CREATE TABLE CERTIFICADOS(id_certificado IDENTITY PRIMARY KEY,descripcion_certificado varchar(20),cliente_certificado int,vivienda_certificado int,inmueble_certificado int,tipo_certificado varchar(20),fecha_solicitud_certificado varchar(20),fecha_entrega_certificado varchar(20),fecha_visita_certificado varchar(20),fecha_emision_certificado varchar(20),categoria_certificado varchar(20),coste_certificado double)
DISCONNECT
/*C447*/SET SCHEMA PUBLIC
CREATE TABLE ASIGNACION_CERTIFICADOS(id_certificado_asignado IDENTITY PRIMARY KEY,id_certificado_certificado_asignado int,arquitecto_certificado_asignado int)
DISCONNECT
/*C448*/SET SCHEMA PUBLIC
CREATE TABLE INMUEBLES(id_inmueble IDENTITY PRIMARY KEY,descripcion_inmueble varchar(20),direccion_inmueble varchar(60),superficie_terreno_inmueble double,superficie_inmueble double,fecha_construccion_inmueble varchar(20))
DISCONNECT
/*C449*/SET SCHEMA PUBLIC
CREATE TABLE PERMISOS(id_permiso IDENTITY PRIMARY KEY,id_rol_permiso int,objeto_permiso varchar(20),lectura_permiso bit(1),escritura_permiso bit(1))
DISCONNECT
/*C450*/SET SCHEMA PUBLIC
CREATE TABLE PROYECTOS(id_proyecto IDENTITY PRIMARY KEY,descripcion_proyecto varchar(20),cliente_proyecto int,vivienda_proyecto int,inmueble_proyecto int,tipo_proyecto varchar(20),fecha_solicitud_proyecto varchar(20),fecha_entrega_proyecto varchar(20),duracion_prevista_proyecto int,presupuesto_ejecucion_proyecto double,superficie_proyecto double,coste_proyecto double)
DISCONNECT
/*C451*/SET SCHEMA PUBLIC
CREATE TABLE ASIGNACION_PROYECTOS(id_proyecto_asignado IDENTITY PRIMARY KEY,id_proyecto_proyecto_asignado int,arquitecto_proyecto_asignado int)
DISCONNECT
/*C452*/SET SCHEMA PUBLIC
CREATE TABLE PROYECTOS_CONTRATADOS(id_ejecucion_proyecto IDENTITY PRIMARY KEY,id_proyecto_ejecucion_proyecto int,fecha_inicio_ejecucion_proyecto varchar(20),duracion_prevista_ejecucion_proyecto int,fecha_fin_ejecucion_proyecto varchar(20))
DISCONNECT
/*C453*/SET SCHEMA PUBLIC
CREATE TABLE ROL(id_rol IDENTITY PRIMARY KEY,descripcion_rol varchar(20))
DISCONNECT
/*C454*/SET SCHEMA PUBLIC
CREATE TABLE USUARIOS(id_usuario IDENTITY PRIMARY KEY,nombre_usuario varchar(30),apellidos_usuario varchar(120),dni_usuario varchar(15),telefono_usuario int,email_usuario varchar(50),domicilio_usuario varchar(120),rol_usuario int,contrasenya_usuario varchar(64))
DISCONNECT
/*C455*/SET SCHEMA PUBLIC
CREATE TABLE VIVIENDAS(id_vivienda IDENTITY PRIMARY KEY,descripcion_vivienda varchar(20),direccion_vivienda varchar(60),id_inmueble_vivienda int,superficie_terreno_vivienda double,superficie_vivienda double,plantas_vivienda int,habitaciones_vivienda int,banyos_vivienda int)
DISCONNECT
/*C456*/SET SCHEMA PUBLIC
INSERT INTO ROL VALUES(0,'Cliente')
COMMIT
DISCONNECT
/*C457*/SET SCHEMA PUBLIC
INSERT INTO ROL VALUES(1,'Arquitecto')
COMMIT
DISCONNECT
/*C458*/SET SCHEMA PUBLIC
INSERT INTO ROL VALUES(2,'Administrador')
COMMIT
DISCONNECT
/*C459*/SET SCHEMA PUBLIC
INSERT INTO USUARIOS VALUES(0,'Arquitecto Usuario 01','Apellidos Usuario 01','DNI Usuario 01',12345678,'emailusuario01@usuario.com','Casa Usuario 01',1,'1478658')
COMMIT
DISCONNECT
/*C460*/SET SCHEMA PUBLIC
INSERT INTO USUARIOS VALUES(1,'Arquitecto Usuario 02','Apellidos Usuario 02','DNI Usuario 02',123456789,'emailusuario02@usuario.com','Casa Usuario 02',1,'1509442')
COMMIT
DISCONNECT
/*C461*/SET SCHEMA PUBLIC
INSERT INTO USUARIOS VALUES(2,'Administrador Usuario 03','Apellidos Usuario 03','DNI Usuario 03',234567890,'emailusuario03@usuario.com','Casa Usuario 03',2,'1540226')
COMMIT
DISCONNECT
/*C462*/SET SCHEMA PUBLIC
INSERT INTO USUARIOS VALUES(3,'Cliente Usuario 04','Apellidos Usuario 04','DNI Usuario 04',345678901,'emailusuario04@usuario.com','Casa Usuario 04',0,'1571010')
COMMIT
DISCONNECT
/*C463*/SET SCHEMA PUBLIC
INSERT INTO USUARIOS VALUES(4,'Cliente Usuario 05','Apellidos Usuario 05','DNI Usuario 05',987654321,'emailusuario05@usuario.com','Casa Usuario 05',0,'1601794')
COMMIT
DISCONNECT
/*C464*/SET SCHEMA PUBLIC
INSERT INTO USUARIOS VALUES(5,'Cliente Usuario 06','Apellidos Usuario 06','DNI Usuario 06',876543210,'emailusuario06@usuario.com','Casa Usuario 06',0,'1663362')
COMMIT
DISCONNECT
/*C465*/SET SCHEMA PUBLIC
INSERT INTO INMUEBLES VALUES(0,'inmueble1','Direcci\ufffdn inmueble1',1537.25E0,537.5E0,'04-09-1972')
COMMIT
DISCONNECT
/*C466*/SET SCHEMA PUBLIC
INSERT INTO INMUEBLES VALUES(1,'inmueble2','Direcci\ufffdn inmueble2',137.5E0,137.5E0,'04-09-2012')
COMMIT
DISCONNECT
/*C467*/SET SCHEMA PUBLIC
INSERT INTO INMUEBLES VALUES(2,'inmueble3','Direcci\ufffdn inmueble3',257.55E0,257.55E0,'04-09-2022')
COMMIT
DISCONNECT
/*C468*/SET SCHEMA PUBLIC
INSERT INTO VIVIENDAS VALUES(0,'Direccion vivienda1','null',1,137.5E0,137.5E0,1,3,2)
COMMIT
DISCONNECT
/*C469*/SET SCHEMA PUBLIC
INSERT INTO VIVIENDAS VALUES(1,'Direccion vivienda2','null',2,257.55E0,257.55E0,2,4,3)
COMMIT
DISCONNECT
/*C470*/SET SCHEMA PUBLIC
INSERT INTO CERTIFICADOS VALUES(0,'certificado1',3,0,0,'Efic_Energ','04-09-2022','null','04-09-2022','null','B',120.0E0)
COMMIT
DISCONNECT
/*C471*/SET SCHEMA PUBLIC
INSERT INTO CERTIFICADOS VALUES(1,'certificado1',4,1,0,'ITE','04-09-2022','null','null','null','null',0.0E0)
COMMIT
DISCONNECT
/*C472*/SET SCHEMA PUBLIC
INSERT INTO PROYECTOS VALUES(0,'proyecto1',5,1,0,'Rehabilitacion','04-09-2022','null',8,50000.0E0,125.58E0,0.0E0)
COMMIT
DISCONNECT
/*C473*/SET SCHEMA PUBLIC
INSERT INTO ASIGNACION_CERTIFICADOS VALUES(0,0,0)
COMMIT
DISCONNECT
/*C474*/SET SCHEMA PUBLIC
INSERT INTO ASIGNACION_PROYECTOS VALUES(0,0,1)
COMMIT
DISCONNECT
/*C475*/SET SCHEMA PUBLIC
INSERT INTO PROYECTOS_CONTRATADOS VALUES(0,1,'04-09-2022',9,'null')
COMMIT
DISCONNECT
/*C476*/SET SCHEMA PUBLIC
DISCONNECT
/*C477*/SET SCHEMA PUBLIC
DISCONNECT
/*C478*/SET SCHEMA PUBLIC
DISCONNECT
/*C479*/SET SCHEMA PUBLIC
DISCONNECT
/*C480*/SET SCHEMA PUBLIC
DROP SCHEMA PUBLIC CASCADE
DISCONNECT
/*C481*/SET SCHEMA PUBLIC
CREATE TABLE CERTIFICADOS(id_certificado IDENTITY PRIMARY KEY,descripcion_certificado varchar(20),cliente_certificado int,vivienda_certificado int,inmueble_certificado int,tipo_certificado varchar(20),fecha_solicitud_certificado varchar(20),fecha_entrega_certificado varchar(20),fecha_visita_certificado varchar(20),fecha_emision_certificado varchar(20),categoria_certificado varchar(20),coste_certificado double)
DISCONNECT
/*C482*/SET SCHEMA PUBLIC
CREATE TABLE ASIGNACION_CERTIFICADOS(id_certificado_asignado IDENTITY PRIMARY KEY,id_certificado_certificado_asignado int,arquitecto_certificado_asignado int)
DISCONNECT
/*C483*/SET SCHEMA PUBLIC
CREATE TABLE INMUEBLES(id_inmueble IDENTITY PRIMARY KEY,descripcion_inmueble varchar(20),direccion_inmueble varchar(60),superficie_terreno_inmueble double,superficie_inmueble double,fecha_construccion_inmueble varchar(20))
DISCONNECT
/*C484*/SET SCHEMA PUBLIC
CREATE TABLE PERMISOS(id_permiso IDENTITY PRIMARY KEY,id_rol_permiso int,objeto_permiso varchar(20),lectura_permiso bit(1),escritura_permiso bit(1))
DISCONNECT
/*C485*/SET SCHEMA PUBLIC
CREATE TABLE PROYECTOS(id_proyecto IDENTITY PRIMARY KEY,descripcion_proyecto varchar(20),cliente_proyecto int,vivienda_proyecto int,inmueble_proyecto int,tipo_proyecto varchar(20),fecha_solicitud_proyecto varchar(20),fecha_entrega_proyecto varchar(20),duracion_prevista_proyecto int,presupuesto_ejecucion_proyecto double,superficie_proyecto double,coste_proyecto double)
DISCONNECT
/*C486*/SET SCHEMA PUBLIC
CREATE TABLE ASIGNACION_PROYECTOS(id_proyecto_asignado IDENTITY PRIMARY KEY,id_proyecto_proyecto_asignado int,arquitecto_proyecto_asignado int)
DISCONNECT
/*C487*/SET SCHEMA PUBLIC
CREATE TABLE PROYECTOS_CONTRATADOS(id_ejecucion_proyecto IDENTITY PRIMARY KEY,id_proyecto_ejecucion_proyecto int,fecha_inicio_ejecucion_proyecto varchar(20),duracion_prevista_ejecucion_proyecto int,fecha_fin_ejecucion_proyecto varchar(20))
DISCONNECT
/*C488*/SET SCHEMA PUBLIC
CREATE TABLE ROL(id_rol IDENTITY PRIMARY KEY,descripcion_rol varchar(20))
DISCONNECT
/*C489*/SET SCHEMA PUBLIC
CREATE TABLE USUARIOS(id_usuario IDENTITY PRIMARY KEY,nombre_usuario varchar(30),apellidos_usuario varchar(120),dni_usuario varchar(15),telefono_usuario int,email_usuario varchar(50),domicilio_usuario varchar(120),rol_usuario int,contrasenya_usuario varchar(64))
DISCONNECT
/*C490*/SET SCHEMA PUBLIC
CREATE TABLE VIVIENDAS(id_vivienda IDENTITY PRIMARY KEY,descripcion_vivienda varchar(20),direccion_vivienda varchar(60),id_inmueble_vivienda int,superficie_terreno_vivienda double,superficie_vivienda double,plantas_vivienda int,habitaciones_vivienda int,banyos_vivienda int)
DISCONNECT
/*C491*/SET SCHEMA PUBLIC
INSERT INTO ROL VALUES(0,'Cliente')
COMMIT
DISCONNECT
/*C492*/SET SCHEMA PUBLIC
INSERT INTO ROL VALUES(1,'Arquitecto')
COMMIT
DISCONNECT
/*C493*/SET SCHEMA PUBLIC
INSERT INTO ROL VALUES(2,'Administrador')
COMMIT
DISCONNECT
/*C494*/SET SCHEMA PUBLIC
INSERT INTO USUARIOS VALUES(0,'Arquitecto Usuario 01','Apellidos Usuario 01','DNI Usuario 01',12345678,'emailusuario01@usuario.com','Casa Usuario 01',1,'1478658')
COMMIT
DISCONNECT
/*C495*/SET SCHEMA PUBLIC
INSERT INTO USUARIOS VALUES(1,'Arquitecto Usuario 02','Apellidos Usuario 02','DNI Usuario 02',123456789,'emailusuario02@usuario.com','Casa Usuario 02',1,'1509442')
COMMIT
DISCONNECT
/*C496*/SET SCHEMA PUBLIC
INSERT INTO USUARIOS VALUES(2,'Administrador Usuario 03','Apellidos Usuario 03','DNI Usuario 03',234567890,'emailusuario03@usuario.com','Casa Usuario 03',2,'1540226')
COMMIT
DISCONNECT
/*C497*/SET SCHEMA PUBLIC
INSERT INTO USUARIOS VALUES(3,'Cliente Usuario 04','Apellidos Usuario 04','DNI Usuario 04',345678901,'emailusuario04@usuario.com','Casa Usuario 04',0,'1571010')
COMMIT
DISCONNECT
/*C498*/SET SCHEMA PUBLIC
INSERT INTO USUARIOS VALUES(4,'Cliente Usuario 05','Apellidos Usuario 05','DNI Usuario 05',987654321,'emailusuario05@usuario.com','Casa Usuario 05',0,'1601794')
COMMIT
DISCONNECT
/*C499*/SET SCHEMA PUBLIC
INSERT INTO USUARIOS VALUES(5,'Cliente Usuario 06','Apellidos Usuario 06','DNI Usuario 06',876543210,'emailusuario06@usuario.com','Casa Usuario 06',0,'1663362')
COMMIT
DISCONNECT
/*C500*/SET SCHEMA PUBLIC
INSERT INTO INMUEBLES VALUES(0,'inmueble1','Direcci\ufffdn inmueble1',1537.25E0,537.5E0,'04-09-1972')
COMMIT
DISCONNECT
/*C501*/SET SCHEMA PUBLIC
INSERT INTO INMUEBLES VALUES(1,'inmueble2','Direcci\ufffdn inmueble2',137.5E0,137.5E0,'04-09-2012')
COMMIT
DISCONNECT
/*C502*/SET SCHEMA PUBLIC
INSERT INTO INMUEBLES VALUES(2,'inmueble3','Direcci\ufffdn inmueble3',257.55E0,257.55E0,'04-09-2022')
COMMIT
DISCONNECT
/*C503*/SET SCHEMA PUBLIC
INSERT INTO VIVIENDAS VALUES(0,'Direccion vivienda1','null',1,137.5E0,137.5E0,1,3,2)
COMMIT
DISCONNECT
/*C504*/SET SCHEMA PUBLIC
INSERT INTO VIVIENDAS VALUES(1,'Direccion vivienda2','null',2,257.55E0,257.55E0,2,4,3)
COMMIT
DISCONNECT
/*C505*/SET SCHEMA PUBLIC
INSERT INTO CERTIFICADOS VALUES(0,'certificado1',3,0,0,'Efic_Energ','04-09-2022','null','04-09-2022','null','B',120.0E0)
COMMIT
DISCONNECT
/*C506*/SET SCHEMA PUBLIC
INSERT INTO CERTIFICADOS VALUES(1,'certificado1',4,1,0,'ITE','04-09-2022','null','null','null','null',0.0E0)
COMMIT
DISCONNECT
/*C507*/SET SCHEMA PUBLIC
INSERT INTO PROYECTOS VALUES(0,'proyecto1',5,1,0,'Rehabilitacion','04-09-2022','null',8,50000.0E0,125.58E0,0.0E0)
COMMIT
DISCONNECT
/*C508*/SET SCHEMA PUBLIC
INSERT INTO ASIGNACION_CERTIFICADOS VALUES(0,0,0)
COMMIT
DISCONNECT
/*C509*/SET SCHEMA PUBLIC
INSERT INTO ASIGNACION_PROYECTOS VALUES(0,0,1)
COMMIT
DISCONNECT
/*C510*/SET SCHEMA PUBLIC
INSERT INTO PROYECTOS_CONTRATADOS VALUES(0,1,'04-09-2022',9,'null')
COMMIT
DISCONNECT
/*C511*/SET SCHEMA PUBLIC
DISCONNECT
/*C512*/SET SCHEMA PUBLIC
DISCONNECT
/*C513*/SET SCHEMA PUBLIC
DISCONNECT
/*C514*/SET SCHEMA PUBLIC
DISCONNECT
/*C515*/SET SCHEMA PUBLIC
DROP SCHEMA PUBLIC CASCADE
DISCONNECT
/*C516*/SET SCHEMA PUBLIC
CREATE TABLE CERTIFICADOS(id_certificado IDENTITY PRIMARY KEY,descripcion_certificado varchar(20),cliente_certificado int,vivienda_certificado int,inmueble_certificado int,tipo_certificado varchar(20),fecha_solicitud_certificado varchar(20),fecha_entrega_certificado varchar(20),fecha_visita_certificado varchar(20),fecha_emision_certificado varchar(20),categoria_certificado varchar(20),coste_certificado double)
DISCONNECT
/*C517*/SET SCHEMA PUBLIC
CREATE TABLE ASIGNACION_CERTIFICADOS(id_certificado_asignado IDENTITY PRIMARY KEY,id_certificado_certificado_asignado int,arquitecto_certificado_asignado int)
DISCONNECT
/*C518*/SET SCHEMA PUBLIC
CREATE TABLE INMUEBLES(id_inmueble IDENTITY PRIMARY KEY,descripcion_inmueble varchar(20),direccion_inmueble varchar(60),superficie_terreno_inmueble double,superficie_inmueble double,fecha_construccion_inmueble varchar(20))
DISCONNECT
/*C519*/SET SCHEMA PUBLIC
CREATE TABLE PERMISOS(id_permiso IDENTITY PRIMARY KEY,id_rol_permiso int,objeto_permiso varchar(20),lectura_permiso bit(1),escritura_permiso bit(1))
DISCONNECT
/*C520*/SET SCHEMA PUBLIC
CREATE TABLE PROYECTOS(id_proyecto IDENTITY PRIMARY KEY,descripcion_proyecto varchar(20),cliente_proyecto int,vivienda_proyecto int,inmueble_proyecto int,tipo_proyecto varchar(20),fecha_solicitud_proyecto varchar(20),fecha_entrega_proyecto varchar(20),duracion_prevista_proyecto int,presupuesto_ejecucion_proyecto double,superficie_proyecto double,coste_proyecto double)
DISCONNECT
/*C521*/SET SCHEMA PUBLIC
CREATE TABLE ASIGNACION_PROYECTOS(id_proyecto_asignado IDENTITY PRIMARY KEY,id_proyecto_proyecto_asignado int,arquitecto_proyecto_asignado int)
DISCONNECT
/*C522*/SET SCHEMA PUBLIC
CREATE TABLE PROYECTOS_CONTRATADOS(id_ejecucion_proyecto IDENTITY PRIMARY KEY,id_proyecto_ejecucion_proyecto int,fecha_inicio_ejecucion_proyecto varchar(20),duracion_prevista_ejecucion_proyecto int,fecha_fin_ejecucion_proyecto varchar(20))
DISCONNECT
/*C523*/SET SCHEMA PUBLIC
CREATE TABLE ROL(id_rol IDENTITY PRIMARY KEY,descripcion_rol varchar(20))
DISCONNECT
/*C524*/SET SCHEMA PUBLIC
CREATE TABLE USUARIOS(id_usuario IDENTITY PRIMARY KEY,nombre_usuario varchar(30),apellidos_usuario varchar(120),dni_usuario varchar(15),telefono_usuario int,email_usuario varchar(50),domicilio_usuario varchar(120),rol_usuario int,contrasenya_usuario varchar(64))
DISCONNECT
/*C525*/SET SCHEMA PUBLIC
CREATE TABLE VIVIENDAS(id_vivienda IDENTITY PRIMARY KEY,descripcion_vivienda varchar(20),direccion_vivienda varchar(60),id_inmueble_vivienda int,superficie_terreno_vivienda double,superficie_vivienda double,plantas_vivienda int,habitaciones_vivienda int,banyos_vivienda int)
DISCONNECT
/*C526*/SET SCHEMA PUBLIC
INSERT INTO ROL VALUES(0,'Cliente')
COMMIT
DISCONNECT
/*C527*/SET SCHEMA PUBLIC
INSERT INTO ROL VALUES(1,'Arquitecto')
COMMIT
DISCONNECT
/*C528*/SET SCHEMA PUBLIC
INSERT INTO ROL VALUES(2,'Administrador')
COMMIT
DISCONNECT
/*C529*/SET SCHEMA PUBLIC
INSERT INTO USUARIOS VALUES(0,'Arquitecto Usuario 01','Apellidos Usuario 01','DNI Usuario 01',12345678,'emailusuario01@usuario.com','Casa Usuario 01',1,'1478658')
COMMIT
DISCONNECT
/*C530*/SET SCHEMA PUBLIC
INSERT INTO USUARIOS VALUES(1,'Arquitecto Usuario 02','Apellidos Usuario 02','DNI Usuario 02',123456789,'emailusuario02@usuario.com','Casa Usuario 02',1,'1509442')
COMMIT
DISCONNECT
/*C531*/SET SCHEMA PUBLIC
INSERT INTO USUARIOS VALUES(2,'Administrador Usuario 03','Apellidos Usuario 03','DNI Usuario 03',234567890,'emailusuario03@usuario.com','Casa Usuario 03',2,'1540226')
COMMIT
DISCONNECT
/*C532*/SET SCHEMA PUBLIC
INSERT INTO USUARIOS VALUES(3,'Cliente Usuario 04','Apellidos Usuario 04','DNI Usuario 04',345678901,'emailusuario04@usuario.com','Casa Usuario 04',0,'1571010')
COMMIT
DISCONNECT
/*C533*/SET SCHEMA PUBLIC
INSERT INTO USUARIOS VALUES(4,'Cliente Usuario 05','Apellidos Usuario 05','DNI Usuario 05',987654321,'emailusuario05@usuario.com','Casa Usuario 05',0,'1601794')
COMMIT
DISCONNECT
/*C534*/SET SCHEMA PUBLIC
INSERT INTO USUARIOS VALUES(5,'Cliente Usuario 06','Apellidos Usuario 06','DNI Usuario 06',876543210,'emailusuario06@usuario.com','Casa Usuario 06',0,'1663362')
COMMIT
DISCONNECT
/*C535*/SET SCHEMA PUBLIC
INSERT INTO INMUEBLES VALUES(0,'inmueble1','Direcci\ufffdn inmueble1',1537.25E0,537.5E0,'04-09-1972')
COMMIT
DISCONNECT
/*C536*/SET SCHEMA PUBLIC
INSERT INTO INMUEBLES VALUES(1,'inmueble2','Direcci\ufffdn inmueble2',137.5E0,137.5E0,'04-09-2012')
COMMIT
DISCONNECT
/*C537*/SET SCHEMA PUBLIC
INSERT INTO INMUEBLES VALUES(2,'inmueble3','Direcci\ufffdn inmueble3',257.55E0,257.55E0,'04-09-2022')
COMMIT
DISCONNECT
/*C538*/SET SCHEMA PUBLIC
INSERT INTO VIVIENDAS VALUES(0,'Direccion vivienda1','null',1,137.5E0,137.5E0,1,3,2)
COMMIT
DISCONNECT
/*C539*/SET SCHEMA PUBLIC
INSERT INTO VIVIENDAS VALUES(1,'Direccion vivienda2','null',2,257.55E0,257.55E0,2,4,3)
COMMIT
DISCONNECT
/*C540*/SET SCHEMA PUBLIC
INSERT INTO CERTIFICADOS VALUES(0,'certificado1',3,0,0,'Efic_Energ','04-09-2022','null','04-09-2022','null','B',120.0E0)
COMMIT
DISCONNECT
/*C541*/SET SCHEMA PUBLIC
INSERT INTO CERTIFICADOS VALUES(1,'certificado1',4,1,0,'ITE','04-09-2022','null','null','null','null',0.0E0)
COMMIT
DISCONNECT
/*C542*/SET SCHEMA PUBLIC
INSERT INTO PROYECTOS VALUES(0,'proyecto1',5,1,0,'Rehabilitacion','04-09-2022','null',8,50000.0E0,125.58E0,0.0E0)
COMMIT
DISCONNECT
/*C543*/SET SCHEMA PUBLIC
INSERT INTO ASIGNACION_CERTIFICADOS VALUES(0,0,0)
COMMIT
DISCONNECT
/*C544*/SET SCHEMA PUBLIC
INSERT INTO ASIGNACION_PROYECTOS VALUES(0,0,1)
COMMIT
DISCONNECT
/*C545*/SET SCHEMA PUBLIC
INSERT INTO PROYECTOS_CONTRATADOS VALUES(0,1,'04-09-2022',9,'null')
COMMIT
DISCONNECT
/*C546*/SET SCHEMA PUBLIC
DISCONNECT
/*C547*/SET SCHEMA PUBLIC
DISCONNECT
/*C548*/SET SCHEMA PUBLIC
DISCONNECT
/*C549*/SET SCHEMA PUBLIC
DISCONNECT
/*C550*/SET SCHEMA PUBLIC
DISCONNECT
/*C551*/SET SCHEMA PUBLIC
DISCONNECT
/*C552*/SET SCHEMA PUBLIC
DROP SCHEMA PUBLIC CASCADE
DISCONNECT
/*C553*/SET SCHEMA PUBLIC
CREATE TABLE CERTIFICADOS(id_certificado IDENTITY PRIMARY KEY,descripcion_certificado varchar(20),cliente_certificado int,vivienda_certificado int,inmueble_certificado int,tipo_certificado varchar(20),fecha_solicitud_certificado varchar(20),fecha_entrega_certificado varchar(20),fecha_visita_certificado varchar(20),fecha_emision_certificado varchar(20),categoria_certificado varchar(20),coste_certificado double)
DISCONNECT
/*C554*/SET SCHEMA PUBLIC
CREATE TABLE ASIGNACION_CERTIFICADOS(id_certificado_asignado IDENTITY PRIMARY KEY,id_certificado_certificado_asignado int,arquitecto_certificado_asignado int)
DISCONNECT
/*C555*/SET SCHEMA PUBLIC
CREATE TABLE INMUEBLES(id_inmueble IDENTITY PRIMARY KEY,descripcion_inmueble varchar(20),direccion_inmueble varchar(60),superficie_terreno_inmueble double,superficie_inmueble double,fecha_construccion_inmueble varchar(20))
DISCONNECT
/*C556*/SET SCHEMA PUBLIC
CREATE TABLE PERMISOS(id_permiso IDENTITY PRIMARY KEY,id_rol_permiso int,objeto_permiso varchar(20),lectura_permiso bit(1),escritura_permiso bit(1))
DISCONNECT
/*C557*/SET SCHEMA PUBLIC
CREATE TABLE PROYECTOS(id_proyecto IDENTITY PRIMARY KEY,descripcion_proyecto varchar(20),cliente_proyecto int,vivienda_proyecto int,inmueble_proyecto int,tipo_proyecto varchar(20),fecha_solicitud_proyecto varchar(20),fecha_entrega_proyecto varchar(20),duracion_prevista_proyecto int,presupuesto_ejecucion_proyecto double,superficie_proyecto double,coste_proyecto double)
DISCONNECT
/*C558*/SET SCHEMA PUBLIC
CREATE TABLE ASIGNACION_PROYECTOS(id_proyecto_asignado IDENTITY PRIMARY KEY,id_proyecto_proyecto_asignado int,arquitecto_proyecto_asignado int)
DISCONNECT
/*C559*/SET SCHEMA PUBLIC
CREATE TABLE PROYECTOS_CONTRATADOS(id_ejecucion_proyecto IDENTITY PRIMARY KEY,id_proyecto_ejecucion_proyecto int,fecha_inicio_ejecucion_proyecto varchar(20),duracion_prevista_ejecucion_proyecto int,fecha_fin_ejecucion_proyecto varchar(20))
DISCONNECT
/*C560*/SET SCHEMA PUBLIC
CREATE TABLE ROL(id_rol IDENTITY PRIMARY KEY,descripcion_rol varchar(20))
DISCONNECT
/*C561*/SET SCHEMA PUBLIC
CREATE TABLE USUARIOS(id_usuario IDENTITY PRIMARY KEY,nombre_usuario varchar(30),apellidos_usuario varchar(120),dni_usuario varchar(15),telefono_usuario int,email_usuario varchar(50),domicilio_usuario varchar(120),rol_usuario int,contrasenya_usuario varchar(64))
DISCONNECT
/*C562*/SET SCHEMA PUBLIC
CREATE TABLE VIVIENDAS(id_vivienda IDENTITY PRIMARY KEY,descripcion_vivienda varchar(20),direccion_vivienda varchar(60),id_inmueble_vivienda int,superficie_terreno_vivienda double,superficie_vivienda double,plantas_vivienda int,habitaciones_vivienda int,banyos_vivienda int)
DISCONNECT
/*C563*/SET SCHEMA PUBLIC
INSERT INTO ROL VALUES(0,'Cliente')
COMMIT
DISCONNECT
/*C564*/SET SCHEMA PUBLIC
INSERT INTO ROL VALUES(1,'Arquitecto')
COMMIT
DISCONNECT
/*C565*/SET SCHEMA PUBLIC
INSERT INTO ROL VALUES(2,'Administrador')
COMMIT
DISCONNECT
/*C566*/SET SCHEMA PUBLIC
INSERT INTO USUARIOS VALUES(0,'Arquitecto Usuario 01','Apellidos Usuario 01','DNI Usuario 01',12345678,'emailusuario01@usuario.com','Casa Usuario 01',1,'1478658')
COMMIT
DISCONNECT
/*C567*/SET SCHEMA PUBLIC
INSERT INTO USUARIOS VALUES(1,'Arquitecto Usuario 02','Apellidos Usuario 02','DNI Usuario 02',123456789,'emailusuario02@usuario.com','Casa Usuario 02',1,'1509442')
COMMIT
DISCONNECT
/*C568*/SET SCHEMA PUBLIC
INSERT INTO USUARIOS VALUES(2,'Administrador Usuario 03','Apellidos Usuario 03','DNI Usuario 03',234567890,'emailusuario03@usuario.com','Casa Usuario 03',2,'1540226')
COMMIT
DISCONNECT
/*C569*/SET SCHEMA PUBLIC
INSERT INTO USUARIOS VALUES(3,'Cliente Usuario 04','Apellidos Usuario 04','DNI Usuario 04',345678901,'emailusuario04@usuario.com','Casa Usuario 04',0,'1571010')
COMMIT
DISCONNECT
/*C570*/SET SCHEMA PUBLIC
INSERT INTO USUARIOS VALUES(4,'Cliente Usuario 05','Apellidos Usuario 05','DNI Usuario 05',987654321,'emailusuario05@usuario.com','Casa Usuario 05',0,'1601794')
COMMIT
DISCONNECT
/*C571*/SET SCHEMA PUBLIC
INSERT INTO USUARIOS VALUES(5,'Cliente Usuario 06','Apellidos Usuario 06','DNI Usuario 06',876543210,'emailusuario06@usuario.com','Casa Usuario 06',0,'1663362')
COMMIT
DISCONNECT
/*C572*/SET SCHEMA PUBLIC
INSERT INTO INMUEBLES VALUES(0,'inmueble1','Direcci\ufffdn inmueble1',1537.25E0,537.5E0,'04-09-1972')
COMMIT
DISCONNECT
/*C573*/SET SCHEMA PUBLIC
INSERT INTO INMUEBLES VALUES(1,'inmueble2','Direcci\ufffdn inmueble2',137.5E0,137.5E0,'04-09-2012')
COMMIT
DISCONNECT
/*C574*/SET SCHEMA PUBLIC
INSERT INTO INMUEBLES VALUES(2,'inmueble3','Direcci\ufffdn inmueble3',257.55E0,257.55E0,'04-09-2022')
COMMIT
DISCONNECT
/*C575*/SET SCHEMA PUBLIC
INSERT INTO VIVIENDAS VALUES(0,'Direccion vivienda1','null',1,137.5E0,137.5E0,1,3,2)
COMMIT
DISCONNECT
/*C576*/SET SCHEMA PUBLIC
INSERT INTO VIVIENDAS VALUES(1,'Direccion vivienda2','null',2,257.55E0,257.55E0,2,4,3)
COMMIT
DISCONNECT
/*C577*/SET SCHEMA PUBLIC
INSERT INTO CERTIFICADOS VALUES(0,'certificado1',3,0,0,'Efic_Energ','04-09-2022','null','04-09-2022','null','B',120.0E0)
COMMIT
DISCONNECT
/*C578*/SET SCHEMA PUBLIC
INSERT INTO CERTIFICADOS VALUES(1,'certificado1',4,1,0,'ITE','04-09-2022','null','null','null','null',0.0E0)
COMMIT
DISCONNECT
/*C579*/SET SCHEMA PUBLIC
INSERT INTO PROYECTOS VALUES(0,'proyecto1',5,1,0,'Rehabilitacion','04-09-2022','null',8,50000.0E0,125.58E0,0.0E0)
COMMIT
DISCONNECT
/*C580*/SET SCHEMA PUBLIC
INSERT INTO ASIGNACION_CERTIFICADOS VALUES(0,0,0)
COMMIT
DISCONNECT
/*C581*/SET SCHEMA PUBLIC
INSERT INTO ASIGNACION_PROYECTOS VALUES(0,0,1)
COMMIT
DISCONNECT
/*C582*/SET SCHEMA PUBLIC
INSERT INTO PROYECTOS_CONTRATADOS VALUES(0,1,'04-09-2022',9,'null')
COMMIT
DISCONNECT
/*C583*/SET SCHEMA PUBLIC
DISCONNECT
/*C584*/SET SCHEMA PUBLIC
DROP SCHEMA PUBLIC CASCADE
DISCONNECT
/*C585*/SET SCHEMA PUBLIC
CREATE TABLE CERTIFICADOS(id_certificado IDENTITY PRIMARY KEY,descripcion_certificado varchar(20),cliente_certificado int,vivienda_certificado int,inmueble_certificado int,tipo_certificado varchar(20),fecha_solicitud_certificado varchar(20),fecha_entrega_certificado varchar(20),fecha_visita_certificado varchar(20),fecha_emision_certificado varchar(20),categoria_certificado varchar(20),coste_certificado double)
DISCONNECT
/*C586*/SET SCHEMA PUBLIC
CREATE TABLE ASIGNACION_CERTIFICADOS(id_certificado_asignado IDENTITY PRIMARY KEY,id_certificado_certificado_asignado int,arquitecto_certificado_asignado int)
DISCONNECT
/*C587*/SET SCHEMA PUBLIC
CREATE TABLE INMUEBLES(id_inmueble IDENTITY PRIMARY KEY,descripcion_inmueble varchar(20),direccion_inmueble varchar(60),superficie_terreno_inmueble double,superficie_inmueble double,fecha_construccion_inmueble varchar(20))
DISCONNECT
/*C588*/SET SCHEMA PUBLIC
CREATE TABLE PERMISOS(id_permiso IDENTITY PRIMARY KEY,id_rol_permiso int,objeto_permiso varchar(20),lectura_permiso bit(1),escritura_permiso bit(1))
DISCONNECT
/*C589*/SET SCHEMA PUBLIC
CREATE TABLE PROYECTOS(id_proyecto IDENTITY PRIMARY KEY,descripcion_proyecto varchar(20),cliente_proyecto int,vivienda_proyecto int,inmueble_proyecto int,tipo_proyecto varchar(20),fecha_solicitud_proyecto varchar(20),fecha_entrega_proyecto varchar(20),duracion_prevista_proyecto int,presupuesto_ejecucion_proyecto double,superficie_proyecto double,coste_proyecto double)
DISCONNECT
/*C590*/SET SCHEMA PUBLIC
CREATE TABLE ASIGNACION_PROYECTOS(id_proyecto_asignado IDENTITY PRIMARY KEY,id_proyecto_proyecto_asignado int,arquitecto_proyecto_asignado int)
DISCONNECT
/*C591*/SET SCHEMA PUBLIC
CREATE TABLE PROYECTOS_CONTRATADOS(id_ejecucion_proyecto IDENTITY PRIMARY KEY,id_proyecto_ejecucion_proyecto int,fecha_inicio_ejecucion_proyecto varchar(20),duracion_prevista_ejecucion_proyecto int,fecha_fin_ejecucion_proyecto varchar(20))
DISCONNECT
/*C592*/SET SCHEMA PUBLIC
CREATE TABLE ROL(id_rol IDENTITY PRIMARY KEY,descripcion_rol varchar(20))
DISCONNECT
/*C593*/SET SCHEMA PUBLIC
CREATE TABLE USUARIOS(id_usuario IDENTITY PRIMARY KEY,nombre_usuario varchar(30),apellidos_usuario varchar(120),dni_usuario varchar(15),telefono_usuario int,email_usuario varchar(50),domicilio_usuario varchar(120),rol_usuario int,contrasenya_usuario varchar(64))
DISCONNECT
/*C594*/SET SCHEMA PUBLIC
CREATE TABLE VIVIENDAS(id_vivienda IDENTITY PRIMARY KEY,descripcion_vivienda varchar(20),direccion_vivienda varchar(60),id_inmueble_vivienda int,superficie_terreno_vivienda double,superficie_vivienda double,plantas_vivienda int,habitaciones_vivienda int,banyos_vivienda int)
DISCONNECT
/*C595*/SET SCHEMA PUBLIC
INSERT INTO ROL VALUES(0,'Cliente')
COMMIT
DISCONNECT
/*C596*/SET SCHEMA PUBLIC
INSERT INTO ROL VALUES(1,'Arquitecto')
COMMIT
DISCONNECT
/*C597*/SET SCHEMA PUBLIC
INSERT INTO ROL VALUES(2,'Administrador')
COMMIT
DISCONNECT
/*C598*/SET SCHEMA PUBLIC
INSERT INTO USUARIOS VALUES(0,'Arquitecto Usuario 01','Apellidos Usuario 01','DNI Usuario 01',12345678,'emailusuario01@usuario.com','Casa Usuario 01',1,'1478658')
COMMIT
DISCONNECT
/*C599*/SET SCHEMA PUBLIC
INSERT INTO USUARIOS VALUES(1,'Arquitecto Usuario 02','Apellidos Usuario 02','DNI Usuario 02',123456789,'emailusuario02@usuario.com','Casa Usuario 02',1,'1509442')
COMMIT
DISCONNECT
/*C600*/SET SCHEMA PUBLIC
INSERT INTO USUARIOS VALUES(2,'Administrador Usuario 03','Apellidos Usuario 03','DNI Usuario 03',234567890,'emailusuario03@usuario.com','Casa Usuario 03',2,'1540226')
COMMIT
DISCONNECT
/*C601*/SET SCHEMA PUBLIC
INSERT INTO USUARIOS VALUES(3,'Cliente Usuario 04','Apellidos Usuario 04','DNI Usuario 04',345678901,'emailusuario04@usuario.com','Casa Usuario 04',0,'1571010')
COMMIT
DISCONNECT
/*C602*/SET SCHEMA PUBLIC
INSERT INTO USUARIOS VALUES(4,'Cliente Usuario 05','Apellidos Usuario 05','DNI Usuario 05',987654321,'emailusuario05@usuario.com','Casa Usuario 05',0,'1601794')
COMMIT
DISCONNECT
/*C603*/SET SCHEMA PUBLIC
INSERT INTO USUARIOS VALUES(5,'Cliente Usuario 06','Apellidos Usuario 06','DNI Usuario 06',876543210,'emailusuario06@usuario.com','Casa Usuario 06',0,'1663362')
COMMIT
DISCONNECT
/*C604*/SET SCHEMA PUBLIC
INSERT INTO INMUEBLES VALUES(0,'inmueble1','Direcci\ufffdn inmueble1',1537.25E0,537.5E0,'04-09-1972')
COMMIT
DISCONNECT
/*C605*/SET SCHEMA PUBLIC
INSERT INTO INMUEBLES VALUES(1,'inmueble2','Direcci\ufffdn inmueble2',137.5E0,137.5E0,'04-09-2012')
COMMIT
DISCONNECT
/*C606*/SET SCHEMA PUBLIC
INSERT INTO INMUEBLES VALUES(2,'inmueble3','Direcci\ufffdn inmueble3',257.55E0,257.55E0,'04-09-2022')
COMMIT
DISCONNECT
/*C607*/SET SCHEMA PUBLIC
INSERT INTO VIVIENDAS VALUES(0,'Direccion vivienda1','null',1,137.5E0,137.5E0,1,3,2)
COMMIT
DISCONNECT
/*C608*/SET SCHEMA PUBLIC
INSERT INTO VIVIENDAS VALUES(1,'Direccion vivienda2','null',2,257.55E0,257.55E0,2,4,3)
COMMIT
DISCONNECT
/*C609*/SET SCHEMA PUBLIC
INSERT INTO CERTIFICADOS VALUES(0,'certificado1',3,0,0,'Efic_Energ','04-09-2022','null','04-09-2022','null','B',120.0E0)
COMMIT
DISCONNECT
/*C610*/SET SCHEMA PUBLIC
INSERT INTO CERTIFICADOS VALUES(1,'certificado1',4,1,0,'ITE','04-09-2022','null','null','null','null',0.0E0)
COMMIT
DISCONNECT
/*C611*/SET SCHEMA PUBLIC
INSERT INTO PROYECTOS VALUES(0,'proyecto1',5,1,0,'Rehabilitacion','04-09-2022','null',8,50000.0E0,125.58E0,0.0E0)
COMMIT
DISCONNECT
/*C612*/SET SCHEMA PUBLIC
INSERT INTO ASIGNACION_CERTIFICADOS VALUES(0,0,0)
COMMIT
DISCONNECT
/*C613*/SET SCHEMA PUBLIC
INSERT INTO ASIGNACION_PROYECTOS VALUES(0,0,1)
COMMIT
DISCONNECT
/*C614*/SET SCHEMA PUBLIC
INSERT INTO PROYECTOS_CONTRATADOS VALUES(0,1,'04-09-2022',9,'null')
COMMIT
DISCONNECT
/*C615*/SET SCHEMA PUBLIC
DISCONNECT
/*C616*/SET SCHEMA PUBLIC
DISCONNECT
/*C617*/SET SCHEMA PUBLIC
DISCONNECT
/*C618*/SET SCHEMA PUBLIC
DISCONNECT
/*C619*/SET SCHEMA PUBLIC
DISCONNECT
/*C620*/SET SCHEMA PUBLIC
DISCONNECT
/*C621*/SET SCHEMA PUBLIC
DISCONNECT
/*C622*/SET SCHEMA PUBLIC
DISCONNECT
/*C623*/SET SCHEMA PUBLIC
DISCONNECT
/*C624*/SET SCHEMA PUBLIC
DISCONNECT
/*C625*/SET SCHEMA PUBLIC
DISCONNECT
/*C626*/SET SCHEMA PUBLIC
DROP SCHEMA PUBLIC CASCADE
DISCONNECT
/*C627*/SET SCHEMA PUBLIC
CREATE TABLE CERTIFICADOS(id_certificado IDENTITY PRIMARY KEY,descripcion_certificado varchar(20),cliente_certificado int,vivienda_certificado int,inmueble_certificado int,tipo_certificado varchar(20),fecha_solicitud_certificado varchar(20),fecha_entrega_certificado varchar(20),fecha_visita_certificado varchar(20),fecha_emision_certificado varchar(20),categoria_certificado varchar(20),coste_certificado double)
DISCONNECT
/*C628*/SET SCHEMA PUBLIC
CREATE TABLE ASIGNACION_CERTIFICADOS(id_certificado_asignado IDENTITY PRIMARY KEY,id_certificado_certificado_asignado int,arquitecto_certificado_asignado int)
DISCONNECT
/*C629*/SET SCHEMA PUBLIC
CREATE TABLE INMUEBLES(id_inmueble IDENTITY PRIMARY KEY,descripcion_inmueble varchar(20),direccion_inmueble varchar(60),superficie_terreno_inmueble double,superficie_inmueble double,fecha_construccion_inmueble varchar(20))
DISCONNECT
/*C630*/SET SCHEMA PUBLIC
CREATE TABLE PERMISOS(id_permiso IDENTITY PRIMARY KEY,id_rol_permiso int,objeto_permiso varchar(20),lectura_permiso bit(1),escritura_permiso bit(1))
DISCONNECT
/*C631*/SET SCHEMA PUBLIC
CREATE TABLE PROYECTOS(id_proyecto IDENTITY PRIMARY KEY,descripcion_proyecto varchar(20),cliente_proyecto int,vivienda_proyecto int,inmueble_proyecto int,tipo_proyecto varchar(20),fecha_solicitud_proyecto varchar(20),fecha_entrega_proyecto varchar(20),duracion_prevista_proyecto int,presupuesto_ejecucion_proyecto double,superficie_proyecto double,coste_proyecto double)
DISCONNECT
/*C632*/SET SCHEMA PUBLIC
CREATE TABLE ASIGNACION_PROYECTOS(id_proyecto_asignado IDENTITY PRIMARY KEY,id_proyecto_proyecto_asignado int,arquitecto_proyecto_asignado int)
DISCONNECT
/*C633*/SET SCHEMA PUBLIC
CREATE TABLE PROYECTOS_CONTRATADOS(id_ejecucion_proyecto IDENTITY PRIMARY KEY,id_proyecto_ejecucion_proyecto int,fecha_inicio_ejecucion_proyecto varchar(20),duracion_prevista_ejecucion_proyecto int,fecha_fin_ejecucion_proyecto varchar(20))
DISCONNECT
/*C634*/SET SCHEMA PUBLIC
CREATE TABLE ROL(id_rol IDENTITY PRIMARY KEY,descripcion_rol varchar(20))
DISCONNECT
/*C635*/SET SCHEMA PUBLIC
CREATE TABLE USUARIOS(id_usuario IDENTITY PRIMARY KEY,nombre_usuario varchar(30),apellidos_usuario varchar(120),dni_usuario varchar(15),telefono_usuario int,email_usuario varchar(50),domicilio_usuario varchar(120),rol_usuario int,contrasenya_usuario varchar(64))
DISCONNECT
/*C636*/SET SCHEMA PUBLIC
CREATE TABLE VIVIENDAS(id_vivienda IDENTITY PRIMARY KEY,descripcion_vivienda varchar(20),direccion_vivienda varchar(60),id_inmueble_vivienda int,superficie_terreno_vivienda double,superficie_vivienda double,plantas_vivienda int,habitaciones_vivienda int,banyos_vivienda int)
DISCONNECT
/*C637*/SET SCHEMA PUBLIC
INSERT INTO ROL VALUES(0,'Cliente')
COMMIT
DISCONNECT
/*C638*/SET SCHEMA PUBLIC
INSERT INTO ROL VALUES(1,'Arquitecto')
COMMIT
DISCONNECT
/*C639*/SET SCHEMA PUBLIC
INSERT INTO ROL VALUES(2,'Administrador')
COMMIT
DISCONNECT
/*C640*/SET SCHEMA PUBLIC
INSERT INTO USUARIOS VALUES(0,'Arquitecto Usuario 01','Apellidos Usuario 01','DNI Usuario 01',12345678,'emailusuario01@usuario.com','Casa Usuario 01',1,'1478658')
COMMIT
DISCONNECT
/*C641*/SET SCHEMA PUBLIC
INSERT INTO USUARIOS VALUES(1,'Arquitecto Usuario 02','Apellidos Usuario 02','DNI Usuario 02',123456789,'emailusuario02@usuario.com','Casa Usuario 02',1,'1509442')
COMMIT
DISCONNECT
/*C642*/SET SCHEMA PUBLIC
INSERT INTO USUARIOS VALUES(2,'Administrador Usuario 03','Apellidos Usuario 03','DNI Usuario 03',234567890,'emailusuario03@usuario.com','Casa Usuario 03',2,'1540226')
COMMIT
DISCONNECT
/*C643*/SET SCHEMA PUBLIC
INSERT INTO USUARIOS VALUES(3,'Cliente Usuario 04','Apellidos Usuario 04','DNI Usuario 04',345678901,'emailusuario04@usuario.com','Casa Usuario 04',0,'1571010')
COMMIT
DISCONNECT
/*C644*/SET SCHEMA PUBLIC
INSERT INTO USUARIOS VALUES(4,'Cliente Usuario 05','Apellidos Usuario 05','DNI Usuario 05',987654321,'emailusuario05@usuario.com','Casa Usuario 05',0,'1601794')
COMMIT
DISCONNECT
/*C645*/SET SCHEMA PUBLIC
INSERT INTO USUARIOS VALUES(5,'Cliente Usuario 06','Apellidos Usuario 06','DNI Usuario 06',876543210,'emailusuario06@usuario.com','Casa Usuario 06',0,'1663362')
COMMIT
DISCONNECT
/*C646*/SET SCHEMA PUBLIC
INSERT INTO INMUEBLES VALUES(0,'inmueble1','Direcci\ufffdn inmueble1',1537.25E0,537.5E0,'04-09-1972')
COMMIT
DISCONNECT
/*C647*/SET SCHEMA PUBLIC
INSERT INTO INMUEBLES VALUES(1,'inmueble2','Direcci\ufffdn inmueble2',137.5E0,137.5E0,'04-09-2012')
COMMIT
DISCONNECT
/*C648*/SET SCHEMA PUBLIC
INSERT INTO INMUEBLES VALUES(2,'inmueble3','Direcci\ufffdn inmueble3',257.55E0,257.55E0,'04-09-2022')
COMMIT
DISCONNECT
/*C649*/SET SCHEMA PUBLIC
INSERT INTO VIVIENDAS VALUES(0,'Direccion vivienda1','null',1,137.5E0,137.5E0,1,3,2)
COMMIT
DISCONNECT
/*C650*/SET SCHEMA PUBLIC
INSERT INTO VIVIENDAS VALUES(1,'Direccion vivienda2','null',2,257.55E0,257.55E0,2,4,3)
COMMIT
DISCONNECT
/*C651*/SET SCHEMA PUBLIC
INSERT INTO CERTIFICADOS VALUES(0,'certificado1',3,0,0,'Efic_Energ','04-09-2022','null','04-09-2022','null','B',120.0E0)
COMMIT
DISCONNECT
/*C652*/SET SCHEMA PUBLIC
INSERT INTO CERTIFICADOS VALUES(1,'certificado1',4,1,0,'ITE','04-09-2022','null','null','null','null',0.0E0)
COMMIT
DISCONNECT
/*C653*/SET SCHEMA PUBLIC
INSERT INTO PROYECTOS VALUES(0,'proyecto1',5,1,0,'Rehabilitacion','04-09-2022','null',8,50000.0E0,125.58E0,0.0E0)
COMMIT
DISCONNECT
/*C654*/SET SCHEMA PUBLIC
INSERT INTO ASIGNACION_CERTIFICADOS VALUES(0,0,0)
COMMIT
DISCONNECT
/*C655*/SET SCHEMA PUBLIC
INSERT INTO ASIGNACION_PROYECTOS VALUES(0,0,1)
COMMIT
DISCONNECT
/*C656*/SET SCHEMA PUBLIC
INSERT INTO PROYECTOS_CONTRATADOS VALUES(0,1,'04-09-2022',9,'null')
COMMIT
DISCONNECT
/*C657*/SET SCHEMA PUBLIC
DISCONNECT
/*C658*/SET SCHEMA PUBLIC
DISCONNECT
/*C659*/SET SCHEMA PUBLIC
DISCONNECT
/*C660*/SET SCHEMA PUBLIC
DISCONNECT
/*C661*/SET SCHEMA PUBLIC
DISCONNECT
/*C662*/SET SCHEMA PUBLIC
DISCONNECT
/*C663*/SET SCHEMA PUBLIC
DISCONNECT
/*C664*/SET SCHEMA PUBLIC
DROP SCHEMA PUBLIC CASCADE
DISCONNECT
/*C665*/SET SCHEMA PUBLIC
CREATE TABLE CERTIFICADOS(id_certificado IDENTITY PRIMARY KEY,descripcion_certificado varchar(20),cliente_certificado int,vivienda_certificado int,inmueble_certificado int,tipo_certificado varchar(20),fecha_solicitud_certificado varchar(20),fecha_entrega_certificado varchar(20),fecha_visita_certificado varchar(20),fecha_emision_certificado varchar(20),categoria_certificado varchar(20),coste_certificado double)
DISCONNECT
/*C666*/SET SCHEMA PUBLIC
CREATE TABLE ASIGNACION_CERTIFICADOS(id_certificado_asignado IDENTITY PRIMARY KEY,id_certificado_certificado_asignado int,arquitecto_certificado_asignado int)
DISCONNECT
/*C667*/SET SCHEMA PUBLIC
CREATE TABLE INMUEBLES(id_inmueble IDENTITY PRIMARY KEY,descripcion_inmueble varchar(20),direccion_inmueble varchar(60),superficie_terreno_inmueble double,superficie_inmueble double,fecha_construccion_inmueble varchar(20))
DISCONNECT
/*C668*/SET SCHEMA PUBLIC
CREATE TABLE PERMISOS(id_permiso IDENTITY PRIMARY KEY,id_rol_permiso int,objeto_permiso varchar(20),lectura_permiso bit(1),escritura_permiso bit(1))
DISCONNECT
/*C669*/SET SCHEMA PUBLIC
CREATE TABLE PROYECTOS(id_proyecto IDENTITY PRIMARY KEY,descripcion_proyecto varchar(20),cliente_proyecto int,vivienda_proyecto int,inmueble_proyecto int,tipo_proyecto varchar(20),fecha_solicitud_proyecto varchar(20),fecha_entrega_proyecto varchar(20),duracion_prevista_proyecto int,presupuesto_ejecucion_proyecto double,superficie_proyecto double,coste_proyecto double)
DISCONNECT
/*C670*/SET SCHEMA PUBLIC
CREATE TABLE ASIGNACION_PROYECTOS(id_proyecto_asignado IDENTITY PRIMARY KEY,id_proyecto_proyecto_asignado int,arquitecto_proyecto_asignado int)
DISCONNECT
/*C671*/SET SCHEMA PUBLIC
CREATE TABLE PROYECTOS_CONTRATADOS(id_ejecucion_proyecto IDENTITY PRIMARY KEY,id_proyecto_ejecucion_proyecto int,fecha_inicio_ejecucion_proyecto varchar(20),duracion_prevista_ejecucion_proyecto int,fecha_fin_ejecucion_proyecto varchar(20))
DISCONNECT
/*C672*/SET SCHEMA PUBLIC
CREATE TABLE ROL(id_rol IDENTITY PRIMARY KEY,descripcion_rol varchar(20))
DISCONNECT
/*C673*/SET SCHEMA PUBLIC
CREATE TABLE USUARIOS(id_usuario IDENTITY PRIMARY KEY,nombre_usuario varchar(30),apellidos_usuario varchar(120),dni_usuario varchar(15),telefono_usuario int,email_usuario varchar(50),domicilio_usuario varchar(120),rol_usuario int,contrasenya_usuario varchar(64))
DISCONNECT
/*C674*/SET SCHEMA PUBLIC
CREATE TABLE VIVIENDAS(id_vivienda IDENTITY PRIMARY KEY,descripcion_vivienda varchar(20),direccion_vivienda varchar(60),id_inmueble_vivienda int,superficie_terreno_vivienda double,superficie_vivienda double,plantas_vivienda int,habitaciones_vivienda int,banyos_vivienda int)
DISCONNECT
/*C675*/SET SCHEMA PUBLIC
INSERT INTO ROL VALUES(0,'Cliente')
COMMIT
DISCONNECT
/*C676*/SET SCHEMA PUBLIC
INSERT INTO ROL VALUES(1,'Arquitecto')
COMMIT
DISCONNECT
/*C677*/SET SCHEMA PUBLIC
INSERT INTO ROL VALUES(2,'Administrador')
COMMIT
DISCONNECT
/*C678*/SET SCHEMA PUBLIC
INSERT INTO USUARIOS VALUES(0,'Arquitecto Usuario 01','Apellidos Usuario 01','DNI Usuario 01',12345678,'emailusuario01@usuario.com','Casa Usuario 01',1,'1478658')
COMMIT
DISCONNECT
/*C679*/SET SCHEMA PUBLIC
INSERT INTO USUARIOS VALUES(1,'Arquitecto Usuario 02','Apellidos Usuario 02','DNI Usuario 02',123456789,'emailusuario02@usuario.com','Casa Usuario 02',1,'1509442')
COMMIT
DISCONNECT
/*C680*/SET SCHEMA PUBLIC
INSERT INTO USUARIOS VALUES(2,'Administrador Usuario 03','Apellidos Usuario 03','DNI Usuario 03',234567890,'emailusuario03@usuario.com','Casa Usuario 03',2,'1540226')
COMMIT
DISCONNECT
/*C681*/SET SCHEMA PUBLIC
INSERT INTO USUARIOS VALUES(3,'Cliente Usuario 04','Apellidos Usuario 04','DNI Usuario 04',345678901,'emailusuario04@usuario.com','Casa Usuario 04',0,'1571010')
COMMIT
DISCONNECT
/*C682*/SET SCHEMA PUBLIC
INSERT INTO USUARIOS VALUES(4,'Cliente Usuario 05','Apellidos Usuario 05','DNI Usuario 05',987654321,'emailusuario05@usuario.com','Casa Usuario 05',0,'1601794')
COMMIT
DISCONNECT
/*C683*/SET SCHEMA PUBLIC
INSERT INTO USUARIOS VALUES(5,'Cliente Usuario 06','Apellidos Usuario 06','DNI Usuario 06',876543210,'emailusuario06@usuario.com','Casa Usuario 06',0,'1663362')
COMMIT
DISCONNECT
/*C684*/SET SCHEMA PUBLIC
INSERT INTO INMUEBLES VALUES(0,'inmueble1','Direcci\ufffdn inmueble1',1537.25E0,537.5E0,'04-09-1972')
COMMIT
DISCONNECT
/*C685*/SET SCHEMA PUBLIC
INSERT INTO INMUEBLES VALUES(1,'inmueble2','Direcci\ufffdn inmueble2',137.5E0,137.5E0,'04-09-2012')
COMMIT
DISCONNECT
/*C686*/SET SCHEMA PUBLIC
INSERT INTO INMUEBLES VALUES(2,'inmueble3','Direcci\ufffdn inmueble3',257.55E0,257.55E0,'04-09-2022')
COMMIT
DISCONNECT
/*C687*/SET SCHEMA PUBLIC
INSERT INTO VIVIENDAS VALUES(0,'Direccion vivienda1','null',1,137.5E0,137.5E0,1,3,2)
COMMIT
DISCONNECT
/*C688*/SET SCHEMA PUBLIC
INSERT INTO VIVIENDAS VALUES(1,'Direccion vivienda2','null',2,257.55E0,257.55E0,2,4,3)
COMMIT
DISCONNECT
/*C689*/SET SCHEMA PUBLIC
INSERT INTO CERTIFICADOS VALUES(0,'certificado1',3,0,0,'Efic_Energ','04-09-2022','null','04-09-2022','null','B',120.0E0)
COMMIT
DISCONNECT
/*C690*/SET SCHEMA PUBLIC
INSERT INTO CERTIFICADOS VALUES(1,'certificado1',4,1,0,'ITE','04-09-2022','null','null','null','null',0.0E0)
COMMIT
DISCONNECT
/*C691*/SET SCHEMA PUBLIC
INSERT INTO PROYECTOS VALUES(0,'proyecto1',5,1,0,'Rehabilitacion','04-09-2022','null',8,50000.0E0,125.58E0,0.0E0)
COMMIT
DISCONNECT
/*C692*/SET SCHEMA PUBLIC
INSERT INTO ASIGNACION_CERTIFICADOS VALUES(0,0,0)
COMMIT
DISCONNECT
/*C693*/SET SCHEMA PUBLIC
INSERT INTO ASIGNACION_PROYECTOS VALUES(0,0,1)
COMMIT
DISCONNECT
/*C694*/SET SCHEMA PUBLIC
INSERT INTO PROYECTOS_CONTRATADOS VALUES(0,1,'04-09-2022',9,'null')
COMMIT
DISCONNECT
/*C695*/SET SCHEMA PUBLIC
DISCONNECT
/*C696*/SET SCHEMA PUBLIC
DISCONNECT
/*C697*/SET SCHEMA PUBLIC
DISCONNECT
/*C698*/SET SCHEMA PUBLIC
DISCONNECT
/*C699*/SET SCHEMA PUBLIC
DISCONNECT
/*C700*/SET SCHEMA PUBLIC
DISCONNECT
/*C701*/SET SCHEMA PUBLIC
DISCONNECT
/*C702*/SET SCHEMA PUBLIC
DISCONNECT
/*C703*/SET SCHEMA PUBLIC
DISCONNECT
/*C704*/SET SCHEMA PUBLIC
DISCONNECT
/*C705*/SET SCHEMA PUBLIC
DROP SCHEMA PUBLIC CASCADE
DISCONNECT
/*C706*/SET SCHEMA PUBLIC
CREATE TABLE CERTIFICADOS(id_certificado IDENTITY PRIMARY KEY,descripcion_certificado varchar(20),cliente_certificado int,vivienda_certificado int,inmueble_certificado int,tipo_certificado varchar(20),fecha_solicitud_certificado varchar(20),fecha_entrega_certificado varchar(20),fecha_visita_certificado varchar(20),fecha_emision_certificado varchar(20),categoria_certificado varchar(20),coste_certificado double)
DISCONNECT
/*C707*/SET SCHEMA PUBLIC
CREATE TABLE ASIGNACION_CERTIFICADOS(id_certificado_asignado IDENTITY PRIMARY KEY,id_certificado_certificado_asignado int,arquitecto_certificado_asignado int)
DISCONNECT
/*C708*/SET SCHEMA PUBLIC
CREATE TABLE INMUEBLES(id_inmueble IDENTITY PRIMARY KEY,descripcion_inmueble varchar(20),direccion_inmueble varchar(60),superficie_terreno_inmueble double,superficie_inmueble double,fecha_construccion_inmueble varchar(20))
DISCONNECT
/*C709*/SET SCHEMA PUBLIC
CREATE TABLE PERMISOS(id_permiso IDENTITY PRIMARY KEY,id_rol_permiso int,objeto_permiso varchar(20),lectura_permiso bit(1),escritura_permiso bit(1))
DISCONNECT
/*C710*/SET SCHEMA PUBLIC
CREATE TABLE PROYECTOS(id_proyecto IDENTITY PRIMARY KEY,descripcion_proyecto varchar(20),cliente_proyecto int,vivienda_proyecto int,inmueble_proyecto int,tipo_proyecto varchar(20),fecha_solicitud_proyecto varchar(20),fecha_entrega_proyecto varchar(20),duracion_prevista_proyecto int,presupuesto_ejecucion_proyecto double,superficie_proyecto double,coste_proyecto double)
DISCONNECT
/*C711*/SET SCHEMA PUBLIC
CREATE TABLE ASIGNACION_PROYECTOS(id_proyecto_asignado IDENTITY PRIMARY KEY,id_proyecto_proyecto_asignado int,arquitecto_proyecto_asignado int)
DISCONNECT
/*C712*/SET SCHEMA PUBLIC
CREATE TABLE PROYECTOS_CONTRATADOS(id_ejecucion_proyecto IDENTITY PRIMARY KEY,id_proyecto_ejecucion_proyecto int,fecha_inicio_ejecucion_proyecto varchar(20),duracion_prevista_ejecucion_proyecto int,fecha_fin_ejecucion_proyecto varchar(20))
DISCONNECT
/*C713*/SET SCHEMA PUBLIC
CREATE TABLE ROL(id_rol IDENTITY PRIMARY KEY,descripcion_rol varchar(20))
DISCONNECT
/*C714*/SET SCHEMA PUBLIC
CREATE TABLE USUARIOS(id_usuario IDENTITY PRIMARY KEY,nombre_usuario varchar(30),apellidos_usuario varchar(120),dni_usuario varchar(15),telefono_usuario int,email_usuario varchar(50),domicilio_usuario varchar(120),rol_usuario int,contrasenya_usuario varchar(64))
DISCONNECT
/*C715*/SET SCHEMA PUBLIC
CREATE TABLE VIVIENDAS(id_vivienda IDENTITY PRIMARY KEY,descripcion_vivienda varchar(20),direccion_vivienda varchar(60),id_inmueble_vivienda int,superficie_terreno_vivienda double,superficie_vivienda double,plantas_vivienda int,habitaciones_vivienda int,banyos_vivienda int)
DISCONNECT
/*C716*/SET SCHEMA PUBLIC
INSERT INTO ROL VALUES(0,'Cliente')
COMMIT
DISCONNECT
/*C717*/SET SCHEMA PUBLIC
INSERT INTO ROL VALUES(1,'Arquitecto')
COMMIT
DISCONNECT
/*C718*/SET SCHEMA PUBLIC
INSERT INTO ROL VALUES(2,'Administrador')
COMMIT
DISCONNECT
/*C719*/SET SCHEMA PUBLIC
INSERT INTO USUARIOS VALUES(0,'Arquitecto Usuario 01','Apellidos Usuario 01','DNI Usuario 01',12345678,'emailusuario01@usuario.com','Casa Usuario 01',1,'1478658')
COMMIT
DISCONNECT
/*C720*/SET SCHEMA PUBLIC
INSERT INTO USUARIOS VALUES(1,'Arquitecto Usuario 02','Apellidos Usuario 02','DNI Usuario 02',123456789,'emailusuario02@usuario.com','Casa Usuario 02',1,'1509442')
COMMIT
DISCONNECT
/*C721*/SET SCHEMA PUBLIC
INSERT INTO USUARIOS VALUES(2,'Administrador Usuario 03','Apellidos Usuario 03','DNI Usuario 03',234567890,'emailusuario03@usuario.com','Casa Usuario 03',2,'1540226')
COMMIT
DISCONNECT
/*C722*/SET SCHEMA PUBLIC
INSERT INTO USUARIOS VALUES(3,'Cliente Usuario 04','Apellidos Usuario 04','DNI Usuario 04',345678901,'emailusuario04@usuario.com','Casa Usuario 04',0,'1571010')
COMMIT
DISCONNECT
/*C723*/SET SCHEMA PUBLIC
INSERT INTO USUARIOS VALUES(4,'Cliente Usuario 05','Apellidos Usuario 05','DNI Usuario 05',987654321,'emailusuario05@usuario.com','Casa Usuario 05',0,'1601794')
COMMIT
DISCONNECT
/*C724*/SET SCHEMA PUBLIC
INSERT INTO USUARIOS VALUES(5,'Cliente Usuario 06','Apellidos Usuario 06','DNI Usuario 06',876543210,'emailusuario06@usuario.com','Casa Usuario 06',0,'1663362')
COMMIT
DISCONNECT
/*C725*/SET SCHEMA PUBLIC
INSERT INTO INMUEBLES VALUES(0,'inmueble1','Direcci\ufffdn inmueble1',1537.25E0,537.5E0,'04-09-1972')
COMMIT
DISCONNECT
/*C726*/SET SCHEMA PUBLIC
INSERT INTO INMUEBLES VALUES(1,'inmueble2','Direcci\ufffdn inmueble2',137.5E0,137.5E0,'04-09-2012')
COMMIT
DISCONNECT
/*C727*/SET SCHEMA PUBLIC
INSERT INTO INMUEBLES VALUES(2,'inmueble3','Direcci\ufffdn inmueble3',257.55E0,257.55E0,'04-09-2022')
COMMIT
DISCONNECT
/*C728*/SET SCHEMA PUBLIC
INSERT INTO VIVIENDAS VALUES(0,'Direccion vivienda1','null',1,137.5E0,137.5E0,1,3,2)
COMMIT
DISCONNECT
/*C729*/SET SCHEMA PUBLIC
INSERT INTO VIVIENDAS VALUES(1,'Direccion vivienda2','null',2,257.55E0,257.55E0,2,4,3)
COMMIT
DISCONNECT
/*C730*/SET SCHEMA PUBLIC
INSERT INTO CERTIFICADOS VALUES(0,'certificado1',3,0,0,'Efic_Energ','04-09-2022','null','04-09-2022','null','B',120.0E0)
COMMIT
DISCONNECT
/*C731*/SET SCHEMA PUBLIC
INSERT INTO CERTIFICADOS VALUES(1,'certificado1',4,1,0,'ITE','04-09-2022','null','null','null','null',0.0E0)
COMMIT
DISCONNECT
/*C732*/SET SCHEMA PUBLIC
INSERT INTO PROYECTOS VALUES(0,'proyecto1',5,1,0,'Rehabilitacion','04-09-2022','null',8,50000.0E0,125.58E0,0.0E0)
COMMIT
DISCONNECT
/*C733*/SET SCHEMA PUBLIC
INSERT INTO ASIGNACION_CERTIFICADOS VALUES(0,0,0)
COMMIT
DISCONNECT
/*C734*/SET SCHEMA PUBLIC
INSERT INTO ASIGNACION_PROYECTOS VALUES(0,0,1)
COMMIT
DISCONNECT
/*C735*/SET SCHEMA PUBLIC
INSERT INTO PROYECTOS_CONTRATADOS VALUES(0,1,'04-09-2022',9,'null')
COMMIT
DISCONNECT
/*C736*/SET SCHEMA PUBLIC
DISCONNECT
/*C737*/SET SCHEMA PUBLIC
DISCONNECT
/*C738*/SET SCHEMA PUBLIC
DISCONNECT
/*C739*/SET SCHEMA PUBLIC
DISCONNECT
/*C740*/SET SCHEMA PUBLIC
DISCONNECT
/*C741*/SET SCHEMA PUBLIC
DISCONNECT
/*C742*/SET SCHEMA PUBLIC
DROP SCHEMA PUBLIC CASCADE
DISCONNECT
/*C743*/SET SCHEMA PUBLIC
CREATE TABLE CERTIFICADOS(id_certificado IDENTITY PRIMARY KEY,descripcion_certificado varchar(20),cliente_certificado int,vivienda_certificado int,inmueble_certificado int,tipo_certificado varchar(20),fecha_solicitud_certificado varchar(20),fecha_entrega_certificado varchar(20),fecha_visita_certificado varchar(20),fecha_emision_certificado varchar(20),categoria_certificado varchar(20),coste_certificado double)
DISCONNECT
/*C744*/SET SCHEMA PUBLIC
CREATE TABLE ASIGNACION_CERTIFICADOS(id_certificado_asignado IDENTITY PRIMARY KEY,id_certificado_certificado_asignado int,arquitecto_certificado_asignado int)
DISCONNECT
/*C745*/SET SCHEMA PUBLIC
CREATE TABLE INMUEBLES(id_inmueble IDENTITY PRIMARY KEY,descripcion_inmueble varchar(20),direccion_inmueble varchar(60),superficie_terreno_inmueble double,superficie_inmueble double,fecha_construccion_inmueble varchar(20))
DISCONNECT
/*C746*/SET SCHEMA PUBLIC
CREATE TABLE PERMISOS(id_permiso IDENTITY PRIMARY KEY,id_rol_permiso int,objeto_permiso varchar(20),lectura_permiso bit(1),escritura_permiso bit(1))
DISCONNECT
/*C747*/SET SCHEMA PUBLIC
CREATE TABLE PROYECTOS(id_proyecto IDENTITY PRIMARY KEY,descripcion_proyecto varchar(20),cliente_proyecto int,vivienda_proyecto int,inmueble_proyecto int,tipo_proyecto varchar(20),fecha_solicitud_proyecto varchar(20),fecha_entrega_proyecto varchar(20),duracion_prevista_proyecto int,presupuesto_ejecucion_proyecto double,superficie_proyecto double,coste_proyecto double)
DISCONNECT
/*C748*/SET SCHEMA PUBLIC
CREATE TABLE ASIGNACION_PROYECTOS(id_proyecto_asignado IDENTITY PRIMARY KEY,id_proyecto_proyecto_asignado int,arquitecto_proyecto_asignado int)
DISCONNECT
/*C749*/SET SCHEMA PUBLIC
CREATE TABLE PROYECTOS_CONTRATADOS(id_ejecucion_proyecto IDENTITY PRIMARY KEY,id_proyecto_ejecucion_proyecto int,fecha_inicio_ejecucion_proyecto varchar(20),duracion_prevista_ejecucion_proyecto int,fecha_fin_ejecucion_proyecto varchar(20))
DISCONNECT
/*C750*/SET SCHEMA PUBLIC
CREATE TABLE ROL(id_rol IDENTITY PRIMARY KEY,descripcion_rol varchar(20))
DISCONNECT
/*C751*/SET SCHEMA PUBLIC
CREATE TABLE USUARIOS(id_usuario IDENTITY PRIMARY KEY,nombre_usuario varchar(30),apellidos_usuario varchar(120),dni_usuario varchar(15),telefono_usuario int,email_usuario varchar(50),domicilio_usuario varchar(120),rol_usuario int,contrasenya_usuario varchar(64))
DISCONNECT
/*C752*/SET SCHEMA PUBLIC
CREATE TABLE VIVIENDAS(id_vivienda IDENTITY PRIMARY KEY,descripcion_vivienda varchar(20),direccion_vivienda varchar(60),id_inmueble_vivienda int,superficie_terreno_vivienda double,superficie_vivienda double,plantas_vivienda int,habitaciones_vivienda int,banyos_vivienda int)
DISCONNECT
/*C753*/SET SCHEMA PUBLIC
INSERT INTO ROL VALUES(0,'Cliente')
COMMIT
DISCONNECT
/*C754*/SET SCHEMA PUBLIC
INSERT INTO ROL VALUES(1,'Arquitecto')
COMMIT
DISCONNECT
/*C755*/SET SCHEMA PUBLIC
INSERT INTO ROL VALUES(2,'Administrador')
COMMIT
DISCONNECT
/*C756*/SET SCHEMA PUBLIC
INSERT INTO USUARIOS VALUES(0,'Arquitecto Usuario 01','Apellidos Usuario 01','DNI Usuario 01',12345678,'emailusuario01@usuario.com','Casa Usuario 01',1,'1478658')
COMMIT
DISCONNECT
/*C757*/SET SCHEMA PUBLIC
INSERT INTO USUARIOS VALUES(1,'Arquitecto Usuario 02','Apellidos Usuario 02','DNI Usuario 02',123456789,'emailusuario02@usuario.com','Casa Usuario 02',1,'1509442')
COMMIT
DISCONNECT
/*C758*/SET SCHEMA PUBLIC
INSERT INTO USUARIOS VALUES(2,'Administrador Usuario 03','Apellidos Usuario 03','DNI Usuario 03',234567890,'emailusuario03@usuario.com','Casa Usuario 03',2,'1540226')
COMMIT
DISCONNECT
/*C759*/SET SCHEMA PUBLIC
INSERT INTO USUARIOS VALUES(3,'Cliente Usuario 04','Apellidos Usuario 04','DNI Usuario 04',345678901,'emailusuario04@usuario.com','Casa Usuario 04',0,'1571010')
COMMIT
DISCONNECT
/*C760*/SET SCHEMA PUBLIC
INSERT INTO USUARIOS VALUES(4,'Cliente Usuario 05','Apellidos Usuario 05','DNI Usuario 05',987654321,'emailusuario05@usuario.com','Casa Usuario 05',0,'1601794')
COMMIT
DISCONNECT
/*C761*/SET SCHEMA PUBLIC
INSERT INTO USUARIOS VALUES(5,'Cliente Usuario 06','Apellidos Usuario 06','DNI Usuario 06',876543210,'emailusuario06@usuario.com','Casa Usuario 06',0,'1663362')
COMMIT
DISCONNECT
/*C762*/SET SCHEMA PUBLIC
INSERT INTO INMUEBLES VALUES(0,'inmueble1','Direcci\ufffdn inmueble1',1537.25E0,537.5E0,'04-09-1972')
COMMIT
DISCONNECT
/*C763*/SET SCHEMA PUBLIC
INSERT INTO INMUEBLES VALUES(1,'inmueble2','Direcci\ufffdn inmueble2',137.5E0,137.5E0,'04-09-2012')
COMMIT
DISCONNECT
/*C764*/SET SCHEMA PUBLIC
INSERT INTO INMUEBLES VALUES(2,'inmueble3','Direcci\ufffdn inmueble3',257.55E0,257.55E0,'04-09-2022')
COMMIT
DISCONNECT
/*C765*/SET SCHEMA PUBLIC
INSERT INTO VIVIENDAS VALUES(0,'Direccion vivienda1','null',1,137.5E0,137.5E0,1,3,2)
COMMIT
DISCONNECT
/*C766*/SET SCHEMA PUBLIC
INSERT INTO VIVIENDAS VALUES(1,'Direccion vivienda2','null',2,257.55E0,257.55E0,2,4,3)
COMMIT
DISCONNECT
/*C767*/SET SCHEMA PUBLIC
INSERT INTO CERTIFICADOS VALUES(0,'certificado1',3,0,0,'Efic_Energ','04-09-2022','null','04-09-2022','null','B',120.0E0)
COMMIT
DISCONNECT
/*C768*/SET SCHEMA PUBLIC
INSERT INTO CERTIFICADOS VALUES(1,'certificado1',4,1,0,'ITE','04-09-2022','null','null','null','null',0.0E0)
COMMIT
DISCONNECT
/*C769*/SET SCHEMA PUBLIC
INSERT INTO PROYECTOS VALUES(0,'proyecto1',5,1,0,'Rehabilitacion','04-09-2022','null',8,50000.0E0,125.58E0,0.0E0)
COMMIT
DISCONNECT
/*C770*/SET SCHEMA PUBLIC
INSERT INTO ASIGNACION_CERTIFICADOS VALUES(0,0,0)
COMMIT
DISCONNECT
/*C771*/SET SCHEMA PUBLIC
INSERT INTO ASIGNACION_PROYECTOS VALUES(0,0,1)
COMMIT
DISCONNECT
/*C772*/SET SCHEMA PUBLIC
INSERT INTO PROYECTOS_CONTRATADOS VALUES(0,1,'04-09-2022',9,'null')
COMMIT
DISCONNECT
/*C773*/SET SCHEMA PUBLIC
DISCONNECT
/*C774*/SET SCHEMA PUBLIC
DISCONNECT
/*C775*/SET SCHEMA PUBLIC
DISCONNECT
/*C776*/SET SCHEMA PUBLIC
DISCONNECT
/*C777*/SET SCHEMA PUBLIC
DISCONNECT
/*C778*/SET SCHEMA PUBLIC
DISCONNECT
/*C779*/SET SCHEMA PUBLIC
DISCONNECT
/*C780*/SET SCHEMA PUBLIC
DROP SCHEMA PUBLIC CASCADE
DISCONNECT
/*C781*/SET SCHEMA PUBLIC
CREATE TABLE CERTIFICADOS(id_certificado IDENTITY PRIMARY KEY,descripcion_certificado varchar(20),cliente_certificado int,vivienda_certificado int,inmueble_certificado int,tipo_certificado varchar(20),fecha_solicitud_certificado varchar(20),fecha_entrega_certificado varchar(20),fecha_visita_certificado varchar(20),fecha_emision_certificado varchar(20),categoria_certificado varchar(20),coste_certificado double)
DISCONNECT
/*C782*/SET SCHEMA PUBLIC
CREATE TABLE ASIGNACION_CERTIFICADOS(id_certificado_asignado IDENTITY PRIMARY KEY,id_certificado_certificado_asignado int,arquitecto_certificado_asignado int)
DISCONNECT
/*C783*/SET SCHEMA PUBLIC
CREATE TABLE INMUEBLES(id_inmueble IDENTITY PRIMARY KEY,descripcion_inmueble varchar(20),direccion_inmueble varchar(60),superficie_terreno_inmueble double,superficie_inmueble double,fecha_construccion_inmueble varchar(20))
DISCONNECT
/*C784*/SET SCHEMA PUBLIC
CREATE TABLE PERMISOS(id_permiso IDENTITY PRIMARY KEY,id_rol_permiso int,objeto_permiso varchar(20),lectura_permiso bit(1),escritura_permiso bit(1))
DISCONNECT
/*C785*/SET SCHEMA PUBLIC
CREATE TABLE PROYECTOS(id_proyecto IDENTITY PRIMARY KEY,descripcion_proyecto varchar(20),cliente_proyecto int,vivienda_proyecto int,inmueble_proyecto int,tipo_proyecto varchar(20),fecha_solicitud_proyecto varchar(20),fecha_entrega_proyecto varchar(20),duracion_prevista_proyecto int,presupuesto_ejecucion_proyecto double,superficie_proyecto double,coste_proyecto double)
DISCONNECT
/*C786*/SET SCHEMA PUBLIC
CREATE TABLE ASIGNACION_PROYECTOS(id_proyecto_asignado IDENTITY PRIMARY KEY,id_proyecto_proyecto_asignado int,arquitecto_proyecto_asignado int)
DISCONNECT
/*C787*/SET SCHEMA PUBLIC
CREATE TABLE PROYECTOS_CONTRATADOS(id_ejecucion_proyecto IDENTITY PRIMARY KEY,id_proyecto_ejecucion_proyecto int,fecha_inicio_ejecucion_proyecto varchar(20),duracion_prevista_ejecucion_proyecto int,fecha_fin_ejecucion_proyecto varchar(20))
DISCONNECT
/*C788*/SET SCHEMA PUBLIC
CREATE TABLE ROL(id_rol IDENTITY PRIMARY KEY,descripcion_rol varchar(20))
DISCONNECT
/*C789*/SET SCHEMA PUBLIC
CREATE TABLE USUARIOS(id_usuario IDENTITY PRIMARY KEY,nombre_usuario varchar(30),apellidos_usuario varchar(120),dni_usuario varchar(15),telefono_usuario int,email_usuario varchar(50),domicilio_usuario varchar(120),rol_usuario int,contrasenya_usuario varchar(64))
DISCONNECT
/*C790*/SET SCHEMA PUBLIC
CREATE TABLE VIVIENDAS(id_vivienda IDENTITY PRIMARY KEY,descripcion_vivienda varchar(20),direccion_vivienda varchar(60),id_inmueble_vivienda int,superficie_terreno_vivienda double,superficie_vivienda double,plantas_vivienda int,habitaciones_vivienda int,banyos_vivienda int)
DISCONNECT
/*C791*/SET SCHEMA PUBLIC
INSERT INTO ROL VALUES(0,'Cliente')
COMMIT
DISCONNECT
/*C792*/SET SCHEMA PUBLIC
INSERT INTO ROL VALUES(1,'Arquitecto')
COMMIT
DISCONNECT
/*C793*/SET SCHEMA PUBLIC
INSERT INTO ROL VALUES(2,'Administrador')
COMMIT
DISCONNECT
/*C794*/SET SCHEMA PUBLIC
INSERT INTO USUARIOS VALUES(0,'Arquitecto Usuario 01','Apellidos Usuario 01','DNI Usuario 01',12345678,'emailusuario01@usuario.com','Casa Usuario 01',1,'1478658')
COMMIT
DISCONNECT
/*C795*/SET SCHEMA PUBLIC
INSERT INTO USUARIOS VALUES(1,'Arquitecto Usuario 02','Apellidos Usuario 02','DNI Usuario 02',123456789,'emailusuario02@usuario.com','Casa Usuario 02',1,'1509442')
COMMIT
DISCONNECT
/*C796*/SET SCHEMA PUBLIC
INSERT INTO USUARIOS VALUES(2,'Administrador Usuario 03','Apellidos Usuario 03','DNI Usuario 03',234567890,'emailusuario03@usuario.com','Casa Usuario 03',2,'1540226')
COMMIT
DISCONNECT
/*C797*/SET SCHEMA PUBLIC
INSERT INTO USUARIOS VALUES(3,'Cliente Usuario 04','Apellidos Usuario 04','DNI Usuario 04',345678901,'emailusuario04@usuario.com','Casa Usuario 04',0,'1571010')
COMMIT
DISCONNECT
/*C798*/SET SCHEMA PUBLIC
INSERT INTO USUARIOS VALUES(4,'Cliente Usuario 05','Apellidos Usuario 05','DNI Usuario 05',987654321,'emailusuario05@usuario.com','Casa Usuario 05',0,'1601794')
COMMIT
DISCONNECT
/*C799*/SET SCHEMA PUBLIC
INSERT INTO USUARIOS VALUES(5,'Cliente Usuario 06','Apellidos Usuario 06','DNI Usuario 06',876543210,'emailusuario06@usuario.com','Casa Usuario 06',0,'1663362')
COMMIT
DISCONNECT
/*C800*/SET SCHEMA PUBLIC
INSERT INTO INMUEBLES VALUES(0,'inmueble1','Direcci\ufffdn inmueble1',1537.25E0,537.5E0,'04-09-1972')
COMMIT
DISCONNECT
/*C801*/SET SCHEMA PUBLIC
INSERT INTO INMUEBLES VALUES(1,'inmueble2','Direcci\ufffdn inmueble2',137.5E0,137.5E0,'04-09-2012')
COMMIT
DISCONNECT
/*C802*/SET SCHEMA PUBLIC
INSERT INTO INMUEBLES VALUES(2,'inmueble3','Direcci\ufffdn inmueble3',257.55E0,257.55E0,'04-09-2022')
COMMIT
DISCONNECT
/*C803*/SET SCHEMA PUBLIC
INSERT INTO VIVIENDAS VALUES(0,'Direccion vivienda1','null',1,137.5E0,137.5E0,1,3,2)
COMMIT
DISCONNECT
/*C804*/SET SCHEMA PUBLIC
INSERT INTO VIVIENDAS VALUES(1,'Direccion vivienda2','null',2,257.55E0,257.55E0,2,4,3)
COMMIT
DISCONNECT
/*C805*/SET SCHEMA PUBLIC
INSERT INTO CERTIFICADOS VALUES(0,'certificado1',3,0,0,'Efic_Energ','04-09-2022','null','04-09-2022','null','B',120.0E0)
COMMIT
DISCONNECT
/*C806*/SET SCHEMA PUBLIC
INSERT INTO CERTIFICADOS VALUES(1,'certificado1',4,1,0,'ITE','04-09-2022','null','null','null','null',0.0E0)
COMMIT
DISCONNECT
/*C807*/SET SCHEMA PUBLIC
INSERT INTO PROYECTOS VALUES(0,'proyecto1',5,1,0,'Rehabilitacion','04-09-2022','null',8,50000.0E0,125.58E0,0.0E0)
COMMIT
DISCONNECT
/*C808*/SET SCHEMA PUBLIC
INSERT INTO ASIGNACION_CERTIFICADOS VALUES(0,0,0)
COMMIT
DISCONNECT
/*C809*/SET SCHEMA PUBLIC
INSERT INTO ASIGNACION_PROYECTOS VALUES(0,0,1)
COMMIT
DISCONNECT
/*C810*/SET SCHEMA PUBLIC
INSERT INTO PROYECTOS_CONTRATADOS VALUES(0,1,'04-09-2022',9,'null')
COMMIT
DISCONNECT
/*C811*/SET SCHEMA PUBLIC
DISCONNECT
/*C812*/SET SCHEMA PUBLIC
DISCONNECT
/*C813*/SET SCHEMA PUBLIC
DISCONNECT
/*C814*/SET SCHEMA PUBLIC
DISCONNECT
/*C815*/SET SCHEMA PUBLIC
DISCONNECT
/*C816*/SET SCHEMA PUBLIC
DISCONNECT
/*C817*/SET SCHEMA PUBLIC
DISCONNECT
/*C818*/SET SCHEMA PUBLIC
DISCONNECT
/*C819*/SET SCHEMA PUBLIC
DROP SCHEMA PUBLIC CASCADE
DISCONNECT
/*C820*/SET SCHEMA PUBLIC
CREATE TABLE CERTIFICADOS(id_certificado IDENTITY PRIMARY KEY,descripcion_certificado varchar(20),cliente_certificado int,vivienda_certificado int,inmueble_certificado int,tipo_certificado varchar(20),fecha_solicitud_certificado varchar(20),fecha_entrega_certificado varchar(20),fecha_visita_certificado varchar(20),fecha_emision_certificado varchar(20),categoria_certificado varchar(20),coste_certificado double)
DISCONNECT
/*C821*/SET SCHEMA PUBLIC
CREATE TABLE ASIGNACION_CERTIFICADOS(id_certificado_asignado IDENTITY PRIMARY KEY,id_certificado_certificado_asignado int,arquitecto_certificado_asignado int)
DISCONNECT
/*C822*/SET SCHEMA PUBLIC
CREATE TABLE INMUEBLES(id_inmueble IDENTITY PRIMARY KEY,descripcion_inmueble varchar(20),direccion_inmueble varchar(60),superficie_terreno_inmueble double,superficie_inmueble double,fecha_construccion_inmueble varchar(20))
DISCONNECT
/*C823*/SET SCHEMA PUBLIC
CREATE TABLE PERMISOS(id_permiso IDENTITY PRIMARY KEY,id_rol_permiso int,objeto_permiso varchar(20),lectura_permiso bit(1),escritura_permiso bit(1))
DISCONNECT
/*C824*/SET SCHEMA PUBLIC
CREATE TABLE PROYECTOS(id_proyecto IDENTITY PRIMARY KEY,descripcion_proyecto varchar(20),cliente_proyecto int,vivienda_proyecto int,inmueble_proyecto int,tipo_proyecto varchar(20),fecha_solicitud_proyecto varchar(20),fecha_entrega_proyecto varchar(20),duracion_prevista_proyecto int,presupuesto_ejecucion_proyecto double,superficie_proyecto double,coste_proyecto double)
DISCONNECT
/*C825*/SET SCHEMA PUBLIC
CREATE TABLE ASIGNACION_PROYECTOS(id_proyecto_asignado IDENTITY PRIMARY KEY,id_proyecto_proyecto_asignado int,arquitecto_proyecto_asignado int)
DISCONNECT
/*C826*/SET SCHEMA PUBLIC
CREATE TABLE PROYECTOS_CONTRATADOS(id_ejecucion_proyecto IDENTITY PRIMARY KEY,id_proyecto_ejecucion_proyecto int,fecha_inicio_ejecucion_proyecto varchar(20),duracion_prevista_ejecucion_proyecto int,fecha_fin_ejecucion_proyecto varchar(20))
DISCONNECT
/*C827*/SET SCHEMA PUBLIC
CREATE TABLE ROL(id_rol IDENTITY PRIMARY KEY,descripcion_rol varchar(20))
DISCONNECT
/*C828*/SET SCHEMA PUBLIC
CREATE TABLE USUARIOS(id_usuario IDENTITY PRIMARY KEY,nombre_usuario varchar(30),apellidos_usuario varchar(120),dni_usuario varchar(15),telefono_usuario int,email_usuario varchar(50),domicilio_usuario varchar(120),rol_usuario int,contrasenya_usuario varchar(64))
DISCONNECT
/*C829*/SET SCHEMA PUBLIC
CREATE TABLE VIVIENDAS(id_vivienda IDENTITY PRIMARY KEY,descripcion_vivienda varchar(20),direccion_vivienda varchar(60),id_inmueble_vivienda int,superficie_terreno_vivienda double,superficie_vivienda double,plantas_vivienda int,habitaciones_vivienda int,banyos_vivienda int)
DISCONNECT
/*C830*/SET SCHEMA PUBLIC
INSERT INTO ROL VALUES(0,'Cliente')
COMMIT
DISCONNECT
/*C831*/SET SCHEMA PUBLIC
INSERT INTO ROL VALUES(1,'Arquitecto')
COMMIT
DISCONNECT
/*C832*/SET SCHEMA PUBLIC
INSERT INTO ROL VALUES(2,'Administrador')
COMMIT
DISCONNECT
/*C833*/SET SCHEMA PUBLIC
INSERT INTO USUARIOS VALUES(0,'Arquitecto Usuario 01','Apellidos Usuario 01','DNI Usuario 01',12345678,'emailusuario01@usuario.com','Casa Usuario 01',1,'1478658')
COMMIT
DISCONNECT
/*C834*/SET SCHEMA PUBLIC
INSERT INTO USUARIOS VALUES(1,'Arquitecto Usuario 02','Apellidos Usuario 02','DNI Usuario 02',123456789,'emailusuario02@usuario.com','Casa Usuario 02',1,'1509442')
COMMIT
DISCONNECT
/*C835*/SET SCHEMA PUBLIC
INSERT INTO USUARIOS VALUES(2,'Administrador Usuario 03','Apellidos Usuario 03','DNI Usuario 03',234567890,'emailusuario03@usuario.com','Casa Usuario 03',2,'1540226')
COMMIT
DISCONNECT
/*C836*/SET SCHEMA PUBLIC
INSERT INTO USUARIOS VALUES(3,'Cliente Usuario 04','Apellidos Usuario 04','DNI Usuario 04',345678901,'emailusuario04@usuario.com','Casa Usuario 04',0,'1571010')
COMMIT
DISCONNECT
/*C837*/SET SCHEMA PUBLIC
INSERT INTO USUARIOS VALUES(4,'Cliente Usuario 05','Apellidos Usuario 05','DNI Usuario 05',987654321,'emailusuario05@usuario.com','Casa Usuario 05',0,'1601794')
COMMIT
DISCONNECT
/*C838*/SET SCHEMA PUBLIC
INSERT INTO USUARIOS VALUES(5,'Cliente Usuario 06','Apellidos Usuario 06','DNI Usuario 06',876543210,'emailusuario06@usuario.com','Casa Usuario 06',0,'1663362')
COMMIT
DISCONNECT
/*C839*/SET SCHEMA PUBLIC
INSERT INTO INMUEBLES VALUES(0,'inmueble1','Direcci\ufffdn inmueble1',1537.25E0,537.5E0,'04-09-1972')
COMMIT
DISCONNECT
/*C840*/SET SCHEMA PUBLIC
INSERT INTO INMUEBLES VALUES(1,'inmueble2','Direcci\ufffdn inmueble2',137.5E0,137.5E0,'04-09-2012')
COMMIT
DISCONNECT
/*C841*/SET SCHEMA PUBLIC
INSERT INTO INMUEBLES VALUES(2,'inmueble3','Direcci\ufffdn inmueble3',257.55E0,257.55E0,'04-09-2022')
COMMIT
DISCONNECT
/*C842*/SET SCHEMA PUBLIC
INSERT INTO VIVIENDAS VALUES(0,'Direccion vivienda1','null',1,137.5E0,137.5E0,1,3,2)
COMMIT
DISCONNECT
/*C843*/SET SCHEMA PUBLIC
INSERT INTO VIVIENDAS VALUES(1,'Direccion vivienda2','null',2,257.55E0,257.55E0,2,4,3)
COMMIT
DISCONNECT
/*C844*/SET SCHEMA PUBLIC
INSERT INTO CERTIFICADOS VALUES(0,'certificado1',3,0,0,'Efic_Energ','04-09-2022','null','04-09-2022','null','B',120.0E0)
COMMIT
DISCONNECT
/*C845*/SET SCHEMA PUBLIC
INSERT INTO CERTIFICADOS VALUES(1,'certificado1',4,1,0,'ITE','04-09-2022','null','null','null','null',0.0E0)
COMMIT
DISCONNECT
/*C846*/SET SCHEMA PUBLIC
INSERT INTO PROYECTOS VALUES(0,'proyecto1',5,1,0,'Rehabilitacion','04-09-2022','null',8,50000.0E0,125.58E0,0.0E0)
COMMIT
DISCONNECT
/*C847*/SET SCHEMA PUBLIC
INSERT INTO ASIGNACION_CERTIFICADOS VALUES(0,0,0)
COMMIT
DISCONNECT
/*C848*/SET SCHEMA PUBLIC
INSERT INTO ASIGNACION_PROYECTOS VALUES(0,0,1)
COMMIT
DISCONNECT
/*C849*/SET SCHEMA PUBLIC
INSERT INTO PROYECTOS_CONTRATADOS VALUES(0,1,'04-09-2022',9,'null')
COMMIT
DISCONNECT
/*C850*/SET SCHEMA PUBLIC
DISCONNECT
/*C851*/SET SCHEMA PUBLIC
DISCONNECT
/*C852*/SET SCHEMA PUBLIC
DISCONNECT
/*C853*/SET SCHEMA PUBLIC
DISCONNECT
/*C854*/SET SCHEMA PUBLIC
DISCONNECT
/*C855*/SET SCHEMA PUBLIC
DISCONNECT
/*C856*/SET SCHEMA PUBLIC
DISCONNECT
/*C857*/SET SCHEMA PUBLIC
DISCONNECT
/*C858*/SET SCHEMA PUBLIC
DROP SCHEMA PUBLIC CASCADE
DISCONNECT
/*C859*/SET SCHEMA PUBLIC
CREATE TABLE CERTIFICADOS(id_certificado IDENTITY PRIMARY KEY,descripcion_certificado varchar(20),cliente_certificado int,vivienda_certificado int,inmueble_certificado int,tipo_certificado varchar(20),fecha_solicitud_certificado varchar(20),fecha_entrega_certificado varchar(20),fecha_visita_certificado varchar(20),fecha_emision_certificado varchar(20),categoria_certificado varchar(20),coste_certificado double)
DISCONNECT
/*C860*/SET SCHEMA PUBLIC
CREATE TABLE ASIGNACION_CERTIFICADOS(id_certificado_asignado IDENTITY PRIMARY KEY,id_certificado_certificado_asignado int,arquitecto_certificado_asignado int)
DISCONNECT
/*C861*/SET SCHEMA PUBLIC
CREATE TABLE INMUEBLES(id_inmueble IDENTITY PRIMARY KEY,descripcion_inmueble varchar(20),direccion_inmueble varchar(60),superficie_terreno_inmueble double,superficie_inmueble double,fecha_construccion_inmueble varchar(20))
DISCONNECT
/*C862*/SET SCHEMA PUBLIC
CREATE TABLE PERMISOS(id_permiso IDENTITY PRIMARY KEY,id_rol_permiso int,objeto_permiso varchar(20),lectura_permiso bit(1),escritura_permiso bit(1))
DISCONNECT
/*C863*/SET SCHEMA PUBLIC
CREATE TABLE PROYECTOS(id_proyecto IDENTITY PRIMARY KEY,descripcion_proyecto varchar(20),cliente_proyecto int,vivienda_proyecto int,inmueble_proyecto int,tipo_proyecto varchar(20),fecha_solicitud_proyecto varchar(20),fecha_entrega_proyecto varchar(20),duracion_prevista_proyecto int,presupuesto_ejecucion_proyecto double,superficie_proyecto double,coste_proyecto double)
DISCONNECT
/*C864*/SET SCHEMA PUBLIC
CREATE TABLE ASIGNACION_PROYECTOS(id_proyecto_asignado IDENTITY PRIMARY KEY,id_proyecto_proyecto_asignado int,arquitecto_proyecto_asignado int)
DISCONNECT
/*C865*/SET SCHEMA PUBLIC
CREATE TABLE PROYECTOS_CONTRATADOS(id_ejecucion_proyecto IDENTITY PRIMARY KEY,id_proyecto_ejecucion_proyecto int,fecha_inicio_ejecucion_proyecto varchar(20),duracion_prevista_ejecucion_proyecto int,fecha_fin_ejecucion_proyecto varchar(20))
DISCONNECT
/*C866*/SET SCHEMA PUBLIC
CREATE TABLE ROL(id_rol IDENTITY PRIMARY KEY,descripcion_rol varchar(20))
DISCONNECT
/*C867*/SET SCHEMA PUBLIC
CREATE TABLE USUARIOS(id_usuario IDENTITY PRIMARY KEY,nombre_usuario varchar(30),apellidos_usuario varchar(120),dni_usuario varchar(15),telefono_usuario int,email_usuario varchar(50),domicilio_usuario varchar(120),rol_usuario int,contrasenya_usuario varchar(64))
DISCONNECT
/*C868*/SET SCHEMA PUBLIC
CREATE TABLE VIVIENDAS(id_vivienda IDENTITY PRIMARY KEY,descripcion_vivienda varchar(20),direccion_vivienda varchar(60),id_inmueble_vivienda int,superficie_terreno_vivienda double,superficie_vivienda double,plantas_vivienda int,habitaciones_vivienda int,banyos_vivienda int)
DISCONNECT
/*C869*/SET SCHEMA PUBLIC
INSERT INTO ROL VALUES(0,'Cliente')
COMMIT
DISCONNECT
/*C870*/SET SCHEMA PUBLIC
INSERT INTO ROL VALUES(1,'Arquitecto')
COMMIT
DISCONNECT
/*C871*/SET SCHEMA PUBLIC
INSERT INTO ROL VALUES(2,'Administrador')
COMMIT
DISCONNECT
/*C872*/SET SCHEMA PUBLIC
INSERT INTO USUARIOS VALUES(0,'Arquitecto Usuario 01','Apellidos Usuario 01','DNI Usuario 01',12345678,'emailusuario01@usuario.com','Casa Usuario 01',1,'1478658')
COMMIT
DISCONNECT
/*C873*/SET SCHEMA PUBLIC
INSERT INTO USUARIOS VALUES(1,'Arquitecto Usuario 02','Apellidos Usuario 02','DNI Usuario 02',123456789,'emailusuario02@usuario.com','Casa Usuario 02',1,'1509442')
COMMIT
DISCONNECT
/*C874*/SET SCHEMA PUBLIC
INSERT INTO USUARIOS VALUES(2,'Administrador Usuario 03','Apellidos Usuario 03','DNI Usuario 03',234567890,'emailusuario03@usuario.com','Casa Usuario 03',2,'1540226')
COMMIT
DISCONNECT
/*C875*/SET SCHEMA PUBLIC
INSERT INTO USUARIOS VALUES(3,'Cliente Usuario 04','Apellidos Usuario 04','DNI Usuario 04',345678901,'emailusuario04@usuario.com','Casa Usuario 04',0,'1571010')
COMMIT
DISCONNECT
/*C876*/SET SCHEMA PUBLIC
INSERT INTO USUARIOS VALUES(4,'Cliente Usuario 05','Apellidos Usuario 05','DNI Usuario 05',987654321,'emailusuario05@usuario.com','Casa Usuario 05',0,'1601794')
COMMIT
DISCONNECT
/*C877*/SET SCHEMA PUBLIC
INSERT INTO USUARIOS VALUES(5,'Cliente Usuario 06','Apellidos Usuario 06','DNI Usuario 06',876543210,'emailusuario06@usuario.com','Casa Usuario 06',0,'1663362')
COMMIT
DISCONNECT
/*C878*/SET SCHEMA PUBLIC
INSERT INTO INMUEBLES VALUES(0,'inmueble1','Direcci\ufffdn inmueble1',1537.25E0,537.5E0,'04-09-1972')
COMMIT
DISCONNECT
/*C879*/SET SCHEMA PUBLIC
INSERT INTO INMUEBLES VALUES(1,'inmueble2','Direcci\ufffdn inmueble2',137.5E0,137.5E0,'04-09-2012')
COMMIT
DISCONNECT
/*C880*/SET SCHEMA PUBLIC
INSERT INTO INMUEBLES VALUES(2,'inmueble3','Direcci\ufffdn inmueble3',257.55E0,257.55E0,'04-09-2022')
COMMIT
DISCONNECT
/*C881*/SET SCHEMA PUBLIC
INSERT INTO VIVIENDAS VALUES(0,'Direccion vivienda1','null',1,137.5E0,137.5E0,1,3,2)
COMMIT
DISCONNECT
/*C882*/SET SCHEMA PUBLIC
INSERT INTO VIVIENDAS VALUES(1,'Direccion vivienda2','null',2,257.55E0,257.55E0,2,4,3)
COMMIT
DISCONNECT
/*C883*/SET SCHEMA PUBLIC
INSERT INTO CERTIFICADOS VALUES(0,'certificado1',3,0,0,'Efic_Energ','04-09-2022','null','04-09-2022','null','B',120.0E0)
COMMIT
DISCONNECT
/*C884*/SET SCHEMA PUBLIC
INSERT INTO CERTIFICADOS VALUES(1,'certificado1',4,1,0,'ITE','04-09-2022','null','null','null','null',0.0E0)
COMMIT
DISCONNECT
/*C885*/SET SCHEMA PUBLIC
INSERT INTO PROYECTOS VALUES(0,'proyecto1',5,1,0,'Rehabilitacion','04-09-2022','null',8,50000.0E0,125.58E0,0.0E0)
COMMIT
DISCONNECT
/*C886*/SET SCHEMA PUBLIC
INSERT INTO ASIGNACION_CERTIFICADOS VALUES(0,0,0)
COMMIT
DISCONNECT
/*C887*/SET SCHEMA PUBLIC
INSERT INTO ASIGNACION_PROYECTOS VALUES(0,0,1)
COMMIT
DISCONNECT
/*C888*/SET SCHEMA PUBLIC
INSERT INTO PROYECTOS_CONTRATADOS VALUES(0,1,'04-09-2022',9,'null')
COMMIT
DISCONNECT
/*C889*/SET SCHEMA PUBLIC
DISCONNECT
/*C890*/SET SCHEMA PUBLIC
DISCONNECT
/*C891*/SET SCHEMA PUBLIC
DISCONNECT
/*C892*/SET SCHEMA PUBLIC
DISCONNECT
/*C893*/SET SCHEMA PUBLIC
DISCONNECT
/*C894*/SET SCHEMA PUBLIC
DISCONNECT
/*C895*/SET SCHEMA PUBLIC
DISCONNECT
/*C896*/SET SCHEMA PUBLIC
DISCONNECT
/*C897*/SET SCHEMA PUBLIC
DISCONNECT
/*C898*/SET SCHEMA PUBLIC
DISCONNECT
/*C899*/SET SCHEMA PUBLIC
DISCONNECT
/*C900*/SET SCHEMA PUBLIC
DROP SCHEMA PUBLIC CASCADE
DISCONNECT
/*C901*/SET SCHEMA PUBLIC
CREATE TABLE CERTIFICADOS(id_certificado IDENTITY PRIMARY KEY,descripcion_certificado varchar(20),cliente_certificado int,vivienda_certificado int,inmueble_certificado int,tipo_certificado varchar(20),fecha_solicitud_certificado varchar(20),fecha_entrega_certificado varchar(20),fecha_visita_certificado varchar(20),fecha_emision_certificado varchar(20),categoria_certificado varchar(20),coste_certificado double)
DISCONNECT
/*C902*/SET SCHEMA PUBLIC
CREATE TABLE ASIGNACION_CERTIFICADOS(id_certificado_asignado IDENTITY PRIMARY KEY,id_certificado_certificado_asignado int,arquitecto_certificado_asignado int)
DISCONNECT
/*C903*/SET SCHEMA PUBLIC
CREATE TABLE INMUEBLES(id_inmueble IDENTITY PRIMARY KEY,descripcion_inmueble varchar(20),direccion_inmueble varchar(60),superficie_terreno_inmueble double,superficie_inmueble double,fecha_construccion_inmueble varchar(20))
DISCONNECT
/*C904*/SET SCHEMA PUBLIC
CREATE TABLE PERMISOS(id_permiso IDENTITY PRIMARY KEY,id_rol_permiso int,objeto_permiso varchar(20),lectura_permiso bit(1),escritura_permiso bit(1))
DISCONNECT
/*C905*/SET SCHEMA PUBLIC
CREATE TABLE PROYECTOS(id_proyecto IDENTITY PRIMARY KEY,descripcion_proyecto varchar(20),cliente_proyecto int,vivienda_proyecto int,inmueble_proyecto int,tipo_proyecto varchar(20),fecha_solicitud_proyecto varchar(20),fecha_entrega_proyecto varchar(20),duracion_prevista_proyecto int,presupuesto_ejecucion_proyecto double,superficie_proyecto double,coste_proyecto double)
DISCONNECT
/*C906*/SET SCHEMA PUBLIC
CREATE TABLE ASIGNACION_PROYECTOS(id_proyecto_asignado IDENTITY PRIMARY KEY,id_proyecto_proyecto_asignado int,arquitecto_proyecto_asignado int)
DISCONNECT
/*C907*/SET SCHEMA PUBLIC
CREATE TABLE PROYECTOS_CONTRATADOS(id_ejecucion_proyecto IDENTITY PRIMARY KEY,id_proyecto_ejecucion_proyecto int,fecha_inicio_ejecucion_proyecto varchar(20),duracion_prevista_ejecucion_proyecto int,fecha_fin_ejecucion_proyecto varchar(20))
DISCONNECT
/*C908*/SET SCHEMA PUBLIC
CREATE TABLE ROL(id_rol IDENTITY PRIMARY KEY,descripcion_rol varchar(20))
DISCONNECT
/*C909*/SET SCHEMA PUBLIC
CREATE TABLE USUARIOS(id_usuario IDENTITY PRIMARY KEY,nombre_usuario varchar(30),apellidos_usuario varchar(120),dni_usuario varchar(15),telefono_usuario int,email_usuario varchar(50),domicilio_usuario varchar(120),rol_usuario int,contrasenya_usuario varchar(64))
DISCONNECT
/*C910*/SET SCHEMA PUBLIC
CREATE TABLE VIVIENDAS(id_vivienda IDENTITY PRIMARY KEY,descripcion_vivienda varchar(20),direccion_vivienda varchar(60),id_inmueble_vivienda int,superficie_terreno_vivienda double,superficie_vivienda double,plantas_vivienda int,habitaciones_vivienda int,banyos_vivienda int)
DISCONNECT
/*C911*/SET SCHEMA PUBLIC
INSERT INTO ROL VALUES(0,'Cliente')
COMMIT
DISCONNECT
/*C912*/SET SCHEMA PUBLIC
INSERT INTO ROL VALUES(1,'Arquitecto')
COMMIT
DISCONNECT
/*C913*/SET SCHEMA PUBLIC
INSERT INTO ROL VALUES(2,'Administrador')
COMMIT
DISCONNECT
/*C914*/SET SCHEMA PUBLIC
INSERT INTO USUARIOS VALUES(0,'Arquitecto Usuario 01','Apellidos Usuario 01','DNI Usuario 01',12345678,'emailusuario01@usuario.com','Casa Usuario 01',1,'1478658')
COMMIT
DISCONNECT
/*C915*/SET SCHEMA PUBLIC
INSERT INTO USUARIOS VALUES(1,'Arquitecto Usuario 02','Apellidos Usuario 02','DNI Usuario 02',123456789,'emailusuario02@usuario.com','Casa Usuario 02',1,'1509442')
COMMIT
DISCONNECT
/*C916*/SET SCHEMA PUBLIC
INSERT INTO USUARIOS VALUES(2,'Administrador Usuario 03','Apellidos Usuario 03','DNI Usuario 03',234567890,'emailusuario03@usuario.com','Casa Usuario 03',2,'1540226')
COMMIT
DISCONNECT
/*C917*/SET SCHEMA PUBLIC
INSERT INTO USUARIOS VALUES(3,'Cliente Usuario 04','Apellidos Usuario 04','DNI Usuario 04',345678901,'emailusuario04@usuario.com','Casa Usuario 04',0,'1571010')
COMMIT
DISCONNECT
/*C918*/SET SCHEMA PUBLIC
INSERT INTO USUARIOS VALUES(4,'Cliente Usuario 05','Apellidos Usuario 05','DNI Usuario 05',987654321,'emailusuario05@usuario.com','Casa Usuario 05',0,'1601794')
COMMIT
DISCONNECT
/*C919*/SET SCHEMA PUBLIC
INSERT INTO USUARIOS VALUES(5,'Cliente Usuario 06','Apellidos Usuario 06','DNI Usuario 06',876543210,'emailusuario06@usuario.com','Casa Usuario 06',0,'1663362')
COMMIT
DISCONNECT
/*C920*/SET SCHEMA PUBLIC
INSERT INTO INMUEBLES VALUES(0,'inmueble1','Direcci\ufffdn inmueble1',1537.25E0,537.5E0,'04-09-1972')
COMMIT
DISCONNECT
/*C921*/SET SCHEMA PUBLIC
INSERT INTO INMUEBLES VALUES(1,'inmueble2','Direcci\ufffdn inmueble2',137.5E0,137.5E0,'04-09-2012')
COMMIT
DISCONNECT
/*C922*/SET SCHEMA PUBLIC
INSERT INTO INMUEBLES VALUES(2,'inmueble3','Direcci\ufffdn inmueble3',257.55E0,257.55E0,'04-09-2022')
COMMIT
DISCONNECT
/*C923*/SET SCHEMA PUBLIC
INSERT INTO VIVIENDAS VALUES(0,'Direccion vivienda1','null',1,137.5E0,137.5E0,1,3,2)
COMMIT
DISCONNECT
/*C924*/SET SCHEMA PUBLIC
INSERT INTO VIVIENDAS VALUES(1,'Direccion vivienda2','null',2,257.55E0,257.55E0,2,4,3)
COMMIT
DISCONNECT
/*C925*/SET SCHEMA PUBLIC
INSERT INTO CERTIFICADOS VALUES(0,'certificado1',3,0,0,'Efic_Energ','04-09-2022','null','04-09-2022','null','B',120.0E0)
COMMIT
DISCONNECT
/*C926*/SET SCHEMA PUBLIC
INSERT INTO CERTIFICADOS VALUES(1,'certificado1',4,1,0,'ITE','04-09-2022','null','null','null','null',0.0E0)
COMMIT
DISCONNECT
/*C927*/SET SCHEMA PUBLIC
INSERT INTO PROYECTOS VALUES(0,'proyecto1',5,1,0,'Rehabilitacion','04-09-2022','null',8,50000.0E0,125.58E0,0.0E0)
COMMIT
DISCONNECT
/*C928*/SET SCHEMA PUBLIC
INSERT INTO ASIGNACION_CERTIFICADOS VALUES(0,0,0)
COMMIT
DISCONNECT
/*C929*/SET SCHEMA PUBLIC
INSERT INTO ASIGNACION_PROYECTOS VALUES(0,0,1)
COMMIT
DISCONNECT
/*C930*/SET SCHEMA PUBLIC
INSERT INTO PROYECTOS_CONTRATADOS VALUES(0,1,'04-09-2022',9,'null')
COMMIT
DISCONNECT
/*C931*/SET SCHEMA PUBLIC
DISCONNECT
/*C932*/SET SCHEMA PUBLIC
DISCONNECT
/*C933*/SET SCHEMA PUBLIC
DISCONNECT
/*C934*/SET SCHEMA PUBLIC
DISCONNECT
/*C935*/SET SCHEMA PUBLIC
DISCONNECT
/*C936*/SET SCHEMA PUBLIC
DISCONNECT
/*C937*/SET SCHEMA PUBLIC
DISCONNECT
/*C938*/SET SCHEMA PUBLIC
DROP SCHEMA PUBLIC CASCADE
DISCONNECT
/*C939*/SET SCHEMA PUBLIC
CREATE TABLE CERTIFICADOS(id_certificado IDENTITY PRIMARY KEY,descripcion_certificado varchar(20),cliente_certificado int,vivienda_certificado int,inmueble_certificado int,tipo_certificado varchar(20),fecha_solicitud_certificado varchar(20),fecha_entrega_certificado varchar(20),fecha_visita_certificado varchar(20),fecha_emision_certificado varchar(20),categoria_certificado varchar(20),coste_certificado double)
DISCONNECT
/*C940*/SET SCHEMA PUBLIC
CREATE TABLE ASIGNACION_CERTIFICADOS(id_certificado_asignado IDENTITY PRIMARY KEY,id_certificado_certificado_asignado int,arquitecto_certificado_asignado int)
DISCONNECT
/*C941*/SET SCHEMA PUBLIC
CREATE TABLE INMUEBLES(id_inmueble IDENTITY PRIMARY KEY,descripcion_inmueble varchar(20),direccion_inmueble varchar(60),superficie_terreno_inmueble double,superficie_inmueble double,fecha_construccion_inmueble varchar(20))
DISCONNECT
/*C942*/SET SCHEMA PUBLIC
CREATE TABLE PERMISOS(id_permiso IDENTITY PRIMARY KEY,id_rol_permiso int,objeto_permiso varchar(20),lectura_permiso bit(1),escritura_permiso bit(1))
DISCONNECT
/*C943*/SET SCHEMA PUBLIC
CREATE TABLE PROYECTOS(id_proyecto IDENTITY PRIMARY KEY,descripcion_proyecto varchar(20),cliente_proyecto int,vivienda_proyecto int,inmueble_proyecto int,tipo_proyecto varchar(20),fecha_solicitud_proyecto varchar(20),fecha_entrega_proyecto varchar(20),duracion_prevista_proyecto int,presupuesto_ejecucion_proyecto double,superficie_proyecto double,coste_proyecto double)
DISCONNECT
/*C944*/SET SCHEMA PUBLIC
CREATE TABLE ASIGNACION_PROYECTOS(id_proyecto_asignado IDENTITY PRIMARY KEY,id_proyecto_proyecto_asignado int,arquitecto_proyecto_asignado int)
DISCONNECT
/*C945*/SET SCHEMA PUBLIC
CREATE TABLE PROYECTOS_CONTRATADOS(id_ejecucion_proyecto IDENTITY PRIMARY KEY,id_proyecto_ejecucion_proyecto int,fecha_inicio_ejecucion_proyecto varchar(20),duracion_prevista_ejecucion_proyecto int,fecha_fin_ejecucion_proyecto varchar(20))
DISCONNECT
/*C946*/SET SCHEMA PUBLIC
CREATE TABLE ROL(id_rol IDENTITY PRIMARY KEY,descripcion_rol varchar(20))
DISCONNECT
/*C947*/SET SCHEMA PUBLIC
CREATE TABLE USUARIOS(id_usuario IDENTITY PRIMARY KEY,nombre_usuario varchar(30),apellidos_usuario varchar(120),dni_usuario varchar(15),telefono_usuario int,email_usuario varchar(50),domicilio_usuario varchar(120),rol_usuario int,contrasenya_usuario varchar(64))
DISCONNECT
/*C948*/SET SCHEMA PUBLIC
CREATE TABLE VIVIENDAS(id_vivienda IDENTITY PRIMARY KEY,descripcion_vivienda varchar(20),direccion_vivienda varchar(60),id_inmueble_vivienda int,superficie_terreno_vivienda double,superficie_vivienda double,plantas_vivienda int,habitaciones_vivienda int,banyos_vivienda int)
DISCONNECT
/*C949*/SET SCHEMA PUBLIC
INSERT INTO ROL VALUES(0,'Cliente')
COMMIT
DISCONNECT
/*C950*/SET SCHEMA PUBLIC
INSERT INTO ROL VALUES(1,'Arquitecto')
COMMIT
DISCONNECT
/*C951*/SET SCHEMA PUBLIC
INSERT INTO ROL VALUES(2,'Administrador')
COMMIT
DISCONNECT
/*C952*/SET SCHEMA PUBLIC
INSERT INTO USUARIOS VALUES(0,'Arquitecto Usuario 01','Apellidos Usuario 01','DNI Usuario 01',12345678,'emailusuario01@usuario.com','Casa Usuario 01',1,'1478658')
COMMIT
DISCONNECT
/*C953*/SET SCHEMA PUBLIC
INSERT INTO USUARIOS VALUES(1,'Arquitecto Usuario 02','Apellidos Usuario 02','DNI Usuario 02',123456789,'emailusuario02@usuario.com','Casa Usuario 02',1,'1509442')
COMMIT
DISCONNECT
/*C954*/SET SCHEMA PUBLIC
INSERT INTO USUARIOS VALUES(2,'Administrador Usuario 03','Apellidos Usuario 03','DNI Usuario 03',234567890,'emailusuario03@usuario.com','Casa Usuario 03',2,'1540226')
COMMIT
DISCONNECT
/*C955*/SET SCHEMA PUBLIC
INSERT INTO USUARIOS VALUES(3,'Cliente Usuario 04','Apellidos Usuario 04','DNI Usuario 04',345678901,'emailusuario04@usuario.com','Casa Usuario 04',0,'1571010')
COMMIT
DISCONNECT
/*C956*/SET SCHEMA PUBLIC
INSERT INTO USUARIOS VALUES(4,'Cliente Usuario 05','Apellidos Usuario 05','DNI Usuario 05',987654321,'emailusuario05@usuario.com','Casa Usuario 05',0,'1601794')
COMMIT
DISCONNECT
/*C957*/SET SCHEMA PUBLIC
INSERT INTO USUARIOS VALUES(5,'Cliente Usuario 06','Apellidos Usuario 06','DNI Usuario 06',876543210,'emailusuario06@usuario.com','Casa Usuario 06',0,'1663362')
COMMIT
DISCONNECT
/*C958*/SET SCHEMA PUBLIC
INSERT INTO INMUEBLES VALUES(0,'inmueble1','Direcci\ufffdn inmueble1',1537.25E0,537.5E0,'04-09-1972')
COMMIT
DISCONNECT
/*C959*/SET SCHEMA PUBLIC
INSERT INTO INMUEBLES VALUES(1,'inmueble2','Direcci\ufffdn inmueble2',137.5E0,137.5E0,'04-09-2012')
COMMIT
DISCONNECT
/*C960*/SET SCHEMA PUBLIC
INSERT INTO INMUEBLES VALUES(2,'inmueble3','Direcci\ufffdn inmueble3',257.55E0,257.55E0,'04-09-2022')
COMMIT
DISCONNECT
/*C961*/SET SCHEMA PUBLIC
INSERT INTO VIVIENDAS VALUES(0,'Direccion vivienda1','null',1,137.5E0,137.5E0,1,3,2)
COMMIT
DISCONNECT
/*C962*/SET SCHEMA PUBLIC
INSERT INTO VIVIENDAS VALUES(1,'Direccion vivienda2','null',2,257.55E0,257.55E0,2,4,3)
COMMIT
DISCONNECT
/*C963*/SET SCHEMA PUBLIC
INSERT INTO CERTIFICADOS VALUES(0,'certificado1',3,0,0,'Efic_Energ','04-09-2022','null','04-09-2022','null','B',120.0E0)
COMMIT
DISCONNECT
/*C964*/SET SCHEMA PUBLIC
INSERT INTO CERTIFICADOS VALUES(1,'certificado1',4,1,0,'ITE','04-09-2022','null','null','null','null',0.0E0)
COMMIT
DISCONNECT
/*C965*/SET SCHEMA PUBLIC
INSERT INTO PROYECTOS VALUES(0,'proyecto1',5,1,0,'Rehabilitacion','04-09-2022','null',8,50000.0E0,125.58E0,0.0E0)
COMMIT
DISCONNECT
/*C966*/SET SCHEMA PUBLIC
INSERT INTO ASIGNACION_CERTIFICADOS VALUES(0,0,0)
COMMIT
DISCONNECT
/*C967*/SET SCHEMA PUBLIC
INSERT INTO ASIGNACION_PROYECTOS VALUES(0,0,1)
COMMIT
DISCONNECT
/*C968*/SET SCHEMA PUBLIC
INSERT INTO PROYECTOS_CONTRATADOS VALUES(0,1,'04-09-2022',9,'null')
COMMIT
DISCONNECT
/*C969*/SET SCHEMA PUBLIC
DISCONNECT
/*C970*/SET SCHEMA PUBLIC
DISCONNECT
/*C971*/SET SCHEMA PUBLIC
DISCONNECT
/*C972*/SET SCHEMA PUBLIC
DISCONNECT
/*C973*/SET SCHEMA PUBLIC
DISCONNECT
/*C974*/SET SCHEMA PUBLIC
DISCONNECT
/*C975*/SET SCHEMA PUBLIC
DISCONNECT
/*C976*/SET SCHEMA PUBLIC
DISCONNECT
/*C977*/SET SCHEMA PUBLIC
DISCONNECT
/*C978*/SET SCHEMA PUBLIC
DISCONNECT
/*C979*/SET SCHEMA PUBLIC
DROP SCHEMA PUBLIC CASCADE
DISCONNECT
/*C980*/SET SCHEMA PUBLIC
CREATE TABLE CERTIFICADOS(id_certificado IDENTITY PRIMARY KEY,descripcion_certificado varchar(20),cliente_certificado int,vivienda_certificado int,inmueble_certificado int,tipo_certificado varchar(20),fecha_solicitud_certificado varchar(20),fecha_entrega_certificado varchar(20),fecha_visita_certificado varchar(20),fecha_emision_certificado varchar(20),categoria_certificado varchar(20),coste_certificado double)
DISCONNECT
/*C981*/SET SCHEMA PUBLIC
CREATE TABLE ASIGNACION_CERTIFICADOS(id_certificado_asignado IDENTITY PRIMARY KEY,id_certificado_certificado_asignado int,arquitecto_certificado_asignado int)
DISCONNECT
/*C982*/SET SCHEMA PUBLIC
CREATE TABLE INMUEBLES(id_inmueble IDENTITY PRIMARY KEY,descripcion_inmueble varchar(20),direccion_inmueble varchar(60),superficie_terreno_inmueble double,superficie_inmueble double,fecha_construccion_inmueble varchar(20))
DISCONNECT
/*C983*/SET SCHEMA PUBLIC
CREATE TABLE PERMISOS(id_permiso IDENTITY PRIMARY KEY,id_rol_permiso int,objeto_permiso varchar(20),lectura_permiso bit(1),escritura_permiso bit(1))
DISCONNECT
/*C984*/SET SCHEMA PUBLIC
CREATE TABLE PROYECTOS(id_proyecto IDENTITY PRIMARY KEY,descripcion_proyecto varchar(20),cliente_proyecto int,vivienda_proyecto int,inmueble_proyecto int,tipo_proyecto varchar(20),fecha_solicitud_proyecto varchar(20),fecha_entrega_proyecto varchar(20),duracion_prevista_proyecto int,presupuesto_ejecucion_proyecto double,superficie_proyecto double,coste_proyecto double)
DISCONNECT
/*C985*/SET SCHEMA PUBLIC
CREATE TABLE ASIGNACION_PROYECTOS(id_proyecto_asignado IDENTITY PRIMARY KEY,id_proyecto_proyecto_asignado int,arquitecto_proyecto_asignado int)
DISCONNECT
/*C986*/SET SCHEMA PUBLIC
CREATE TABLE PROYECTOS_CONTRATADOS(id_ejecucion_proyecto IDENTITY PRIMARY KEY,id_proyecto_ejecucion_proyecto int,fecha_inicio_ejecucion_proyecto varchar(20),duracion_prevista_ejecucion_proyecto int,fecha_fin_ejecucion_proyecto varchar(20))
DISCONNECT
/*C987*/SET SCHEMA PUBLIC
CREATE TABLE ROL(id_rol IDENTITY PRIMARY KEY,descripcion_rol varchar(20))
DISCONNECT
/*C988*/SET SCHEMA PUBLIC
CREATE TABLE USUARIOS(id_usuario IDENTITY PRIMARY KEY,nombre_usuario varchar(30),apellidos_usuario varchar(120),dni_usuario varchar(15),telefono_usuario int,email_usuario varchar(50),domicilio_usuario varchar(120),rol_usuario int,contrasenya_usuario varchar(64))
DISCONNECT
/*C989*/SET SCHEMA PUBLIC
CREATE TABLE VIVIENDAS(id_vivienda IDENTITY PRIMARY KEY,descripcion_vivienda varchar(20),direccion_vivienda varchar(60),id_inmueble_vivienda int,superficie_terreno_vivienda double,superficie_vivienda double,plantas_vivienda int,habitaciones_vivienda int,banyos_vivienda int)
DISCONNECT
/*C990*/SET SCHEMA PUBLIC
INSERT INTO ROL VALUES(0,'Cliente')
COMMIT
DISCONNECT
/*C991*/SET SCHEMA PUBLIC
INSERT INTO ROL VALUES(1,'Arquitecto')
COMMIT
DISCONNECT
/*C992*/SET SCHEMA PUBLIC
INSERT INTO ROL VALUES(2,'Administrador')
COMMIT
DISCONNECT
/*C993*/SET SCHEMA PUBLIC
INSERT INTO USUARIOS VALUES(0,'Arquitecto Usuario 01','Apellidos Usuario 01','DNI Usuario 01',12345678,'emailusuario01@usuario.com','Casa Usuario 01',1,'1478658')
COMMIT
DISCONNECT
/*C994*/SET SCHEMA PUBLIC
INSERT INTO USUARIOS VALUES(1,'Arquitecto Usuario 02','Apellidos Usuario 02','DNI Usuario 02',123456789,'emailusuario02@usuario.com','Casa Usuario 02',1,'1509442')
COMMIT
DISCONNECT
/*C995*/SET SCHEMA PUBLIC
INSERT INTO USUARIOS VALUES(2,'Administrador Usuario 03','Apellidos Usuario 03','DNI Usuario 03',234567890,'emailusuario03@usuario.com','Casa Usuario 03',2,'1540226')
COMMIT
DISCONNECT
/*C996*/SET SCHEMA PUBLIC
INSERT INTO USUARIOS VALUES(3,'Cliente Usuario 04','Apellidos Usuario 04','DNI Usuario 04',345678901,'emailusuario04@usuario.com','Casa Usuario 04',0,'1571010')
COMMIT
DISCONNECT
/*C997*/SET SCHEMA PUBLIC
INSERT INTO USUARIOS VALUES(4,'Cliente Usuario 05','Apellidos Usuario 05','DNI Usuario 05',987654321,'emailusuario05@usuario.com','Casa Usuario 05',0,'1601794')
COMMIT
DISCONNECT
/*C998*/SET SCHEMA PUBLIC
INSERT INTO USUARIOS VALUES(5,'Cliente Usuario 06','Apellidos Usuario 06','DNI Usuario 06',876543210,'emailusuario06@usuario.com','Casa Usuario 06',0,'1663362')
COMMIT
DISCONNECT
/*C999*/SET SCHEMA PUBLIC
INSERT INTO INMUEBLES VALUES(0,'inmueble1','Direcci\ufffdn inmueble1',1537.25E0,537.5E0,'04-09-1972')
COMMIT
DISCONNECT
/*C1000*/SET SCHEMA PUBLIC
INSERT INTO INMUEBLES VALUES(1,'inmueble2','Direcci\ufffdn inmueble2',137.5E0,137.5E0,'04-09-2012')
COMMIT
DISCONNECT
/*C1001*/SET SCHEMA PUBLIC
INSERT INTO INMUEBLES VALUES(2,'inmueble3','Direcci\ufffdn inmueble3',257.55E0,257.55E0,'04-09-2022')
COMMIT
DISCONNECT
/*C1002*/SET SCHEMA PUBLIC
INSERT INTO VIVIENDAS VALUES(0,'Direccion vivienda1','null',1,137.5E0,137.5E0,1,3,2)
COMMIT
DISCONNECT
/*C1003*/SET SCHEMA PUBLIC
INSERT INTO VIVIENDAS VALUES(1,'Direccion vivienda2','null',2,257.55E0,257.55E0,2,4,3)
COMMIT
DISCONNECT
/*C1004*/SET SCHEMA PUBLIC
INSERT INTO CERTIFICADOS VALUES(0,'certificado1',3,0,0,'Efic_Energ','04-09-2022','null','04-09-2022','null','B',120.0E0)
COMMIT
DISCONNECT
/*C1005*/SET SCHEMA PUBLIC
INSERT INTO CERTIFICADOS VALUES(1,'certificado1',4,1,0,'ITE','04-09-2022','null','null','null','null',0.0E0)
COMMIT
DISCONNECT
/*C1006*/SET SCHEMA PUBLIC
INSERT INTO PROYECTOS VALUES(0,'proyecto1',5,1,0,'Rehabilitacion','04-09-2022','null',8,50000.0E0,125.58E0,0.0E0)
COMMIT
DISCONNECT
/*C1007*/SET SCHEMA PUBLIC
INSERT INTO ASIGNACION_CERTIFICADOS VALUES(0,0,0)
COMMIT
DISCONNECT
/*C1008*/SET SCHEMA PUBLIC
INSERT INTO ASIGNACION_PROYECTOS VALUES(0,0,1)
COMMIT
DISCONNECT
/*C1009*/SET SCHEMA PUBLIC
INSERT INTO PROYECTOS_CONTRATADOS VALUES(0,1,'04-09-2022',9,'null')
COMMIT
DISCONNECT
/*C1010*/SET SCHEMA PUBLIC
DISCONNECT
/*C1011*/SET SCHEMA PUBLIC
DISCONNECT
/*C1012*/SET SCHEMA PUBLIC
DISCONNECT
/*C1013*/SET SCHEMA PUBLIC
DISCONNECT
/*C1014*/SET SCHEMA PUBLIC
DISCONNECT
/*C1015*/SET SCHEMA PUBLIC
DISCONNECT
/*C1016*/SET SCHEMA PUBLIC
DISCONNECT
/*C1017*/SET SCHEMA PUBLIC
DISCONNECT
/*C1018*/SET SCHEMA PUBLIC
DISCONNECT
/*C1019*/SET SCHEMA PUBLIC
DISCONNECT
/*C1020*/SET SCHEMA PUBLIC
DISCONNECT
/*C1021*/SET SCHEMA PUBLIC
DISCONNECT
/*C1022*/SET SCHEMA PUBLIC
DISCONNECT
/*C1023*/SET SCHEMA PUBLIC
DISCONNECT
/*C1024*/SET SCHEMA PUBLIC
DISCONNECT
/*C1025*/SET SCHEMA PUBLIC
DISCONNECT
/*C1026*/SET SCHEMA PUBLIC
DISCONNECT
/*C1027*/SET SCHEMA PUBLIC
DISCONNECT
/*C1028*/SET SCHEMA PUBLIC
DISCONNECT
